Analysis & Synthesis report for combined_parts
Tue Oct 31 22:00:20 2023
Quartus Prime Version 17.0.0 Build 595 04/25/2017 SJ Lite Edition


---------------------
; Table of Contents ;
---------------------
  1. Legal Notice
  2. Analysis & Synthesis Summary
  3. Analysis & Synthesis Settings
  4. Parallel Compilation
  5. Analysis & Synthesis Source Files Read
  6. Analysis & Synthesis Resource Usage Summary
  7. Analysis & Synthesis Resource Utilization by Entity
  8. Registers Removed During Synthesis
  9. Removed Registers Triggering Further Register Optimizations
 10. General Register Statistics
 11. Multiplexer Restructuring Statistics (Restructuring Performed)
 12. Parameter Settings for User Entity Instance: p1_top_level:tl_unit
 13. Parameter Settings for User Entity Instance: p1_top_level:tl_unit|p1_controller:c_unit
 14. Parameter Settings for User Entity Instance: p1_top_level:tl_unit|p1_datapath:d_unit
 15. Parameter Settings for User Entity Instance: p2_top_level:p2_tl_unit
 16. Parameter Settings for User Entity Instance: p2_top_level:p2_tl_unit|p2_controller:c_unit
 17. Parameter Settings for User Entity Instance: p2_top_level:p2_tl_unit|p2_datapath:d_unit
 18. Port Connectivity Checks: "seg7:h_unit1"
 19. Port Connectivity Checks: "dff_pair:dff_1|dff_single:dff1"
 20. Post-Synthesis Netlist Statistics for Top Partition
 21. Elapsed Time Per Partition
 22. Analysis & Synthesis Messages
 23. Analysis & Synthesis Suppressed Messages



----------------
; Legal Notice ;
----------------
Copyright (C) 2017  Intel Corporation. All rights reserved.
Your use of Intel Corporation's design tools, logic functions 
and other software and tools, and its AMPP partner logic 
functions, and any output files from any of the foregoing 
(including device programming or simulation files), and any 
associated documentation or information are expressly subject 
to the terms and conditions of the Intel Program License 
Subscription Agreement, the Intel Quartus Prime License Agreement,
the Intel MegaCore Function License Agreement, or other 
applicable license agreement, including, without limitation, 
that your use is for the sole purpose of programming logic 
devices manufactured by Intel and sold by Intel or its 
authorized distributors.  Please refer to the applicable 
agreement for further details.



+-------------------------------------------------------------------------------+
; Analysis & Synthesis Summary                                                  ;
+---------------------------------+---------------------------------------------+
; Analysis & Synthesis Status     ; Successful - Tue Oct 31 22:00:20 2023       ;
; Quartus Prime Version           ; 17.0.0 Build 595 04/25/2017 SJ Lite Edition ;
; Revision Name                   ; combined_parts                              ;
; Top-level Entity Name           ; DE1_SoC                                     ;
; Family                          ; Cyclone V                                   ;
; Logic utilization (in ALMs)     ; N/A                                         ;
; Total registers                 ; 38                                          ;
; Total pins                      ; 39                                          ;
; Total virtual pins              ; 0                                           ;
; Total block memory bits         ; 0                                           ;
; Total DSP Blocks                ; 0                                           ;
; Total HSSI RX PCSs              ; 0                                           ;
; Total HSSI PMA RX Deserializers ; 0                                           ;
; Total HSSI TX PCSs              ; 0                                           ;
; Total HSSI PMA TX Serializers   ; 0                                           ;
; Total PLLs                      ; 0                                           ;
; Total DLLs                      ; 0                                           ;
+---------------------------------+---------------------------------------------+


+---------------------------------------------------------------------------------------------------------------------------+
; Analysis & Synthesis Settings                                                                                             ;
+---------------------------------------------------------------------------------+--------------------+--------------------+
; Option                                                                          ; Setting            ; Default Value      ;
+---------------------------------------------------------------------------------+--------------------+--------------------+
; Device                                                                          ; 5CGXFC7C7F23C8     ;                    ;
; Top-level entity name                                                           ; DE1_SoC            ; combined_parts     ;
; Family name                                                                     ; Cyclone V          ; Cyclone V          ;
; Use smart compilation                                                           ; Off                ; Off                ;
; Enable parallel Assembler and TimeQuest Timing Analyzer during compilation      ; On                 ; On                 ;
; Enable compact report table                                                     ; Off                ; Off                ;
; Restructure Multiplexers                                                        ; Auto               ; Auto               ;
; MLAB Add Timing Constraints For Mixed-Port Feed-Through Mode Setting Don't Care ; Off                ; Off                ;
; Create Debugging Nodes for IP Cores                                             ; Off                ; Off                ;
; Preserve fewer node names                                                       ; On                 ; On                 ;
; OpenCore Plus hardware evaluation                                               ; Enable             ; Enable             ;
; Verilog Version                                                                 ; Verilog_2001       ; Verilog_2001       ;
; VHDL Version                                                                    ; VHDL_1993          ; VHDL_1993          ;
; State Machine Processing                                                        ; Auto               ; Auto               ;
; Safe State Machine                                                              ; Off                ; Off                ;
; Extract Verilog State Machines                                                  ; On                 ; On                 ;
; Extract VHDL State Machines                                                     ; On                 ; On                 ;
; Ignore Verilog initial constructs                                               ; Off                ; Off                ;
; Iteration limit for constant Verilog loops                                      ; 5000               ; 5000               ;
; Iteration limit for non-constant Verilog loops                                  ; 250                ; 250                ;
; Add Pass-Through Logic to Inferred RAMs                                         ; On                 ; On                 ;
; Infer RAMs from Raw Logic                                                       ; On                 ; On                 ;
; Parallel Synthesis                                                              ; On                 ; On                 ;
; DSP Block Balancing                                                             ; Auto               ; Auto               ;
; NOT Gate Push-Back                                                              ; On                 ; On                 ;
; Power-Up Don't Care                                                             ; On                 ; On                 ;
; Remove Redundant Logic Cells                                                    ; Off                ; Off                ;
; Remove Duplicate Registers                                                      ; On                 ; On                 ;
; Ignore CARRY Buffers                                                            ; Off                ; Off                ;
; Ignore CASCADE Buffers                                                          ; Off                ; Off                ;
; Ignore GLOBAL Buffers                                                           ; Off                ; Off                ;
; Ignore ROW GLOBAL Buffers                                                       ; Off                ; Off                ;
; Ignore LCELL Buffers                                                            ; Off                ; Off                ;
; Ignore SOFT Buffers                                                             ; On                 ; On                 ;
; Limit AHDL Integers to 32 Bits                                                  ; Off                ; Off                ;
; Optimization Technique                                                          ; Balanced           ; Balanced           ;
; Carry Chain Length                                                              ; 70                 ; 70                 ;
; Auto Carry Chains                                                               ; On                 ; On                 ;
; Auto Open-Drain Pins                                                            ; On                 ; On                 ;
; Perform WYSIWYG Primitive Resynthesis                                           ; Off                ; Off                ;
; Auto ROM Replacement                                                            ; On                 ; On                 ;
; Auto RAM Replacement                                                            ; On                 ; On                 ;
; Auto DSP Block Replacement                                                      ; On                 ; On                 ;
; Auto Shift Register Replacement                                                 ; Auto               ; Auto               ;
; Allow Shift Register Merging across Hierarchies                                 ; Auto               ; Auto               ;
; Auto Clock Enable Replacement                                                   ; On                 ; On                 ;
; Strict RAM Replacement                                                          ; Off                ; Off                ;
; Allow Synchronous Control Signals                                               ; On                 ; On                 ;
; Force Use of Synchronous Clear Signals                                          ; Off                ; Off                ;
; Auto Resource Sharing                                                           ; Off                ; Off                ;
; Allow Any RAM Size For Recognition                                              ; Off                ; Off                ;
; Allow Any ROM Size For Recognition                                              ; Off                ; Off                ;
; Allow Any Shift Register Size For Recognition                                   ; Off                ; Off                ;
; Use LogicLock Constraints during Resource Balancing                             ; On                 ; On                 ;
; Ignore translate_off and synthesis_off directives                               ; Off                ; Off                ;
; Timing-Driven Synthesis                                                         ; On                 ; On                 ;
; Report Parameter Settings                                                       ; On                 ; On                 ;
; Report Source Assignments                                                       ; On                 ; On                 ;
; Report Connectivity Checks                                                      ; On                 ; On                 ;
; Ignore Maximum Fan-Out Assignments                                              ; Off                ; Off                ;
; Synchronization Register Chain Length                                           ; 3                  ; 3                  ;
; PowerPlay Power Optimization During Synthesis                                   ; Normal compilation ; Normal compilation ;
; HDL message level                                                               ; Level2             ; Level2             ;
; Suppress Register Optimization Related Messages                                 ; Off                ; Off                ;
; Number of Removed Registers Reported in Synthesis Report                        ; 5000               ; 5000               ;
; Number of Swept Nodes Reported in Synthesis Report                              ; 5000               ; 5000               ;
; Number of Inverted Registers Reported in Synthesis Report                       ; 100                ; 100                ;
; Clock MUX Protection                                                            ; On                 ; On                 ;
; Auto Gated Clock Conversion                                                     ; Off                ; Off                ;
; Block Design Naming                                                             ; Auto               ; Auto               ;
; SDC constraint protection                                                       ; Off                ; Off                ;
; Synthesis Effort                                                                ; Auto               ; Auto               ;
; Shift Register Replacement - Allow Asynchronous Clear Signal                    ; On                 ; On                 ;
; Pre-Mapping Resynthesis Optimization                                            ; Off                ; Off                ;
; Analysis & Synthesis Message Level                                              ; Medium             ; Medium             ;
; Disable Register Merging Across Hierarchies                                     ; Auto               ; Auto               ;
; Resource Aware Inference For Block RAM                                          ; On                 ; On                 ;
; Automatic Parallel Synthesis                                                    ; On                 ; On                 ;
; Partial Reconfiguration Bitstream ID                                            ; Off                ; Off                ;
+---------------------------------------------------------------------------------+--------------------+--------------------+


+------------------------------------------+
; Parallel Compilation                     ;
+----------------------------+-------------+
; Processors                 ; Number      ;
+----------------------------+-------------+
; Number detected on machine ; 12          ;
; Maximum allowed            ; 12          ;
;                            ;             ;
; Average used               ; 1.00        ;
; Maximum used               ; 12          ;
;                            ;             ;
; Usage by Processor         ; % Time Used ;
;     Processor 1            ; 100.0%      ;
;     Processors 2-12        ;   0.0%      ;
+----------------------------+-------------+


+---------------------------------------------------------------------------------------------------------------------------------------------------+
; Analysis & Synthesis Source Files Read                                                                                                            ;
+----------------------------------+-----------------+----------------------------------------+-------------------------------------------+---------+
; File Name with User-Entered Path ; Used in Netlist ; File Type                              ; File Name with Absolute Path              ; Library ;
+----------------------------------+-----------------+----------------------------------------+-------------------------------------------+---------+
; seg7.sv                          ; yes             ; User SystemVerilog HDL File            ; D:/Documents/ee_371/lab4/seg7.sv          ;         ;
; rom32x8.sv                       ; yes             ; User SystemVerilog HDL File            ; D:/Documents/ee_371/lab4/rom32x8.sv       ;         ;
; p2_top_level.sv                  ; yes             ; User SystemVerilog HDL File            ; D:/Documents/ee_371/lab4/p2_top_level.sv  ;         ;
; p2_datapath.sv                   ; yes             ; User SystemVerilog HDL File            ; D:/Documents/ee_371/lab4/p2_datapath.sv   ;         ;
; p2_controller.sv                 ; yes             ; User SystemVerilog HDL File            ; D:/Documents/ee_371/lab4/p2_controller.sv ;         ;
; p1_top_level.sv                  ; yes             ; User SystemVerilog HDL File            ; D:/Documents/ee_371/lab4/p1_top_level.sv  ;         ;
; p1_datapath.sv                   ; yes             ; User SystemVerilog HDL File            ; D:/Documents/ee_371/lab4/p1_datapath.sv   ;         ;
; p1_controller.sv                 ; yes             ; User SystemVerilog HDL File            ; D:/Documents/ee_371/lab4/p1_controller.sv ;         ;
; dff_single.sv                    ; yes             ; User SystemVerilog HDL File            ; D:/Documents/ee_371/lab4/dff_single.sv    ;         ;
; dff_pair.sv                      ; yes             ; User SystemVerilog HDL File            ; D:/Documents/ee_371/lab4/dff_pair.sv      ;         ;
; DE1_SoC.sv                       ; yes             ; User SystemVerilog HDL File            ; D:/Documents/ee_371/lab4/DE1_SoC.sv       ;         ;
; rom32x8.mif                      ; yes             ; Auto-Found Memory Initialization File  ; D:/Documents/ee_371/lab4/rom32x8.mif      ;         ;
+----------------------------------+-----------------+----------------------------------------+-------------------------------------------+---------+


+--------------------------------------------------------------+
; Analysis & Synthesis Resource Usage Summary                  ;
+---------------------------------------------+----------------+
; Resource                                    ; Usage          ;
+---------------------------------------------+----------------+
; Estimate of Logic utilization (ALMs needed) ; 45             ;
;                                             ;                ;
; Combinational ALUT usage for logic          ; 77             ;
;     -- 7 input functions                    ; 0              ;
;     -- 6 input functions                    ; 11             ;
;     -- 5 input functions                    ; 23             ;
;     -- 4 input functions                    ; 19             ;
;     -- <=3 input functions                  ; 24             ;
;                                             ;                ;
; Dedicated logic registers                   ; 38             ;
;                                             ;                ;
; I/O pins                                    ; 39             ;
;                                             ;                ;
; Total DSP Blocks                            ; 0              ;
;                                             ;                ;
; Maximum fan-out node                        ; CLOCK_50~input ;
; Maximum fan-out                             ; 38             ;
; Total fan-out                               ; 476            ;
; Average fan-out                             ; 2.47           ;
+---------------------------------------------+----------------+


+-------------------------------------------------------------------------------------------------------------------------------------------------------------------------------------------------------------------------------------------+
; Analysis & Synthesis Resource Utilization by Entity                                                                                                                                                                                       ;
+------------------------------+---------------------+---------------------------+-------------------+------------+------+--------------+--------------------------------------------------------------------+---------------+--------------+
; Compilation Hierarchy Node   ; Combinational ALUTs ; Dedicated Logic Registers ; Block Memory Bits ; DSP Blocks ; Pins ; Virtual Pins ; Full Hierarchy Name                                                ; Entity Name   ; Library Name ;
+------------------------------+---------------------+---------------------------+-------------------+------------+------+--------------+--------------------------------------------------------------------+---------------+--------------+
; |DE1_SoC                     ; 77 (7)              ; 38 (0)                    ; 0                 ; 0          ; 39   ; 0            ; |DE1_SoC                                                           ; DE1_SoC       ; work         ;
;    |dff_pair:dff_1|          ; 1 (0)               ; 1 (0)                     ; 0                 ; 0          ; 0    ; 0            ; |DE1_SoC|dff_pair:dff_1                                            ; dff_pair      ; work         ;
;       |dff_single:dff2|      ; 1 (1)               ; 1 (1)                     ; 0                 ; 0          ; 0    ; 0            ; |DE1_SoC|dff_pair:dff_1|dff_single:dff2                            ; dff_single    ; work         ;
;    |dff_pair:dff_2|          ; 1 (0)               ; 1 (0)                     ; 0                 ; 0          ; 0    ; 0            ; |DE1_SoC|dff_pair:dff_2                                            ; dff_pair      ; work         ;
;       |dff_single:dff2|      ; 1 (1)               ; 1 (1)                     ; 0                 ; 0          ; 0    ; 0            ; |DE1_SoC|dff_pair:dff_2|dff_single:dff2                            ; dff_single    ; work         ;
;    |p1_top_level:tl_unit|    ; 18 (0)              ; 14 (0)                    ; 0                 ; 0          ; 0    ; 0            ; |DE1_SoC|p1_top_level:tl_unit                                      ; p1_top_level  ; work         ;
;       |p1_controller:c_unit| ; 4 (4)               ; 2 (2)                     ; 0                 ; 0          ; 0    ; 0            ; |DE1_SoC|p1_top_level:tl_unit|p1_controller:c_unit                 ; p1_controller ; work         ;
;       |p1_datapath:d_unit|   ; 14 (14)             ; 12 (12)                   ; 0                 ; 0          ; 0    ; 0            ; |DE1_SoC|p1_top_level:tl_unit|p1_datapath:d_unit                   ; p1_datapath   ; work         ;
;    |p2_top_level:p2_tl_unit| ; 43 (0)              ; 22 (0)                    ; 0                 ; 0          ; 0    ; 0            ; |DE1_SoC|p2_top_level:p2_tl_unit                                   ; p2_top_level  ; work         ;
;       |p2_controller:c_unit| ; 23 (23)             ; 4 (4)                     ; 0                 ; 0          ; 0    ; 0            ; |DE1_SoC|p2_top_level:p2_tl_unit|p2_controller:c_unit              ; p2_controller ; work         ;
;       |p2_datapath:d_unit|   ; 20 (12)             ; 18 (18)                   ; 0                 ; 0          ; 0    ; 0            ; |DE1_SoC|p2_top_level:p2_tl_unit|p2_datapath:d_unit                ; p2_datapath   ; work         ;
;          |rom32x8:r_unit|    ; 8 (8)               ; 0 (0)                     ; 0                 ; 0          ; 0    ; 0            ; |DE1_SoC|p2_top_level:p2_tl_unit|p2_datapath:d_unit|rom32x8:r_unit ; rom32x8       ; work         ;
;    |seg7:h_unit0|            ; 7 (7)               ; 0 (0)                     ; 0                 ; 0          ; 0    ; 0            ; |DE1_SoC|seg7:h_unit0                                              ; seg7          ; work         ;
+------------------------------+---------------------+---------------------------+-------------------+------------+------+--------------+--------------------------------------------------------------------+---------------+--------------+
Note: For table entries with two numbers listed, the numbers in parentheses indicate the number of resources of the given type used by the specific entity alone. The numbers listed outside of parentheses indicate the total resources of the given type used by the specific entity and all of its sub-entities in the hierarchy.


+-------------------------------------------------------------------------------------------------+
; Registers Removed During Synthesis                                                              ;
+--------------------------------------------------------+----------------------------------------+
; Register name                                          ; Reason for Removal                     ;
+--------------------------------------------------------+----------------------------------------+
; p1_top_level:tl_unit|p1_controller:c_unit|ps[2..31]    ; Stuck at GND due to stuck port data_in ;
; p2_top_level:p2_tl_unit|p2_controller:c_unit|ns[2..31] ; Stuck at GND due to stuck port data_in ;
; p2_top_level:p2_tl_unit|p2_controller:c_unit|ps[2..31] ; Stuck at GND due to stuck port data_in ;
; Total Number of Removed Registers = 90                 ;                                        ;
+--------------------------------------------------------+----------------------------------------+


+---------------------------------------------------------------------------------------------------------------------------------------+
; Removed Registers Triggering Further Register Optimizations                                                                           ;
+-----------------------------------------------------+---------------------------+-----------------------------------------------------+
; Register name                                       ; Reason for Removal        ; Registers Removed due to This Register              ;
+-----------------------------------------------------+---------------------------+-----------------------------------------------------+
; p2_top_level:p2_tl_unit|p2_controller:c_unit|ns[10] ; Stuck at GND              ; p2_top_level:p2_tl_unit|p2_controller:c_unit|ps[10] ;
;                                                     ; due to stuck port data_in ;                                                     ;
; p2_top_level:p2_tl_unit|p2_controller:c_unit|ns[9]  ; Stuck at GND              ; p2_top_level:p2_tl_unit|p2_controller:c_unit|ps[9]  ;
;                                                     ; due to stuck port data_in ;                                                     ;
; p2_top_level:p2_tl_unit|p2_controller:c_unit|ns[8]  ; Stuck at GND              ; p2_top_level:p2_tl_unit|p2_controller:c_unit|ps[8]  ;
;                                                     ; due to stuck port data_in ;                                                     ;
; p2_top_level:p2_tl_unit|p2_controller:c_unit|ns[7]  ; Stuck at GND              ; p2_top_level:p2_tl_unit|p2_controller:c_unit|ps[7]  ;
;                                                     ; due to stuck port data_in ;                                                     ;
; p2_top_level:p2_tl_unit|p2_controller:c_unit|ns[6]  ; Stuck at GND              ; p2_top_level:p2_tl_unit|p2_controller:c_unit|ps[6]  ;
;                                                     ; due to stuck port data_in ;                                                     ;
; p2_top_level:p2_tl_unit|p2_controller:c_unit|ns[3]  ; Stuck at GND              ; p2_top_level:p2_tl_unit|p2_controller:c_unit|ps[3]  ;
;                                                     ; due to stuck port data_in ;                                                     ;
; p2_top_level:p2_tl_unit|p2_controller:c_unit|ns[2]  ; Stuck at GND              ; p2_top_level:p2_tl_unit|p2_controller:c_unit|ps[2]  ;
;                                                     ; due to stuck port data_in ;                                                     ;
; p2_top_level:p2_tl_unit|p2_controller:c_unit|ns[5]  ; Stuck at GND              ; p2_top_level:p2_tl_unit|p2_controller:c_unit|ps[5]  ;
;                                                     ; due to stuck port data_in ;                                                     ;
; p2_top_level:p2_tl_unit|p2_controller:c_unit|ns[4]  ; Stuck at GND              ; p2_top_level:p2_tl_unit|p2_controller:c_unit|ps[4]  ;
;                                                     ; due to stuck port data_in ;                                                     ;
; p2_top_level:p2_tl_unit|p2_controller:c_unit|ns[11] ; Stuck at GND              ; p2_top_level:p2_tl_unit|p2_controller:c_unit|ps[11] ;
;                                                     ; due to stuck port data_in ;                                                     ;
; p2_top_level:p2_tl_unit|p2_controller:c_unit|ns[12] ; Stuck at GND              ; p2_top_level:p2_tl_unit|p2_controller:c_unit|ps[12] ;
;                                                     ; due to stuck port data_in ;                                                     ;
; p2_top_level:p2_tl_unit|p2_controller:c_unit|ns[13] ; Stuck at GND              ; p2_top_level:p2_tl_unit|p2_controller:c_unit|ps[13] ;
;                                                     ; due to stuck port data_in ;                                                     ;
; p2_top_level:p2_tl_unit|p2_controller:c_unit|ns[14] ; Stuck at GND              ; p2_top_level:p2_tl_unit|p2_controller:c_unit|ps[14] ;
;                                                     ; due to stuck port data_in ;                                                     ;
; p2_top_level:p2_tl_unit|p2_controller:c_unit|ns[15] ; Stuck at GND              ; p2_top_level:p2_tl_unit|p2_controller:c_unit|ps[15] ;
;                                                     ; due to stuck port data_in ;                                                     ;
; p2_top_level:p2_tl_unit|p2_controller:c_unit|ns[16] ; Stuck at GND              ; p2_top_level:p2_tl_unit|p2_controller:c_unit|ps[16] ;
;                                                     ; due to stuck port data_in ;                                                     ;
; p2_top_level:p2_tl_unit|p2_controller:c_unit|ns[17] ; Stuck at GND              ; p2_top_level:p2_tl_unit|p2_controller:c_unit|ps[17] ;
;                                                     ; due to stuck port data_in ;                                                     ;
; p2_top_level:p2_tl_unit|p2_controller:c_unit|ns[18] ; Stuck at GND              ; p2_top_level:p2_tl_unit|p2_controller:c_unit|ps[18] ;
;                                                     ; due to stuck port data_in ;                                                     ;
; p2_top_level:p2_tl_unit|p2_controller:c_unit|ns[19] ; Stuck at GND              ; p2_top_level:p2_tl_unit|p2_controller:c_unit|ps[19] ;
;                                                     ; due to stuck port data_in ;                                                     ;
; p2_top_level:p2_tl_unit|p2_controller:c_unit|ns[20] ; Stuck at GND              ; p2_top_level:p2_tl_unit|p2_controller:c_unit|ps[20] ;
;                                                     ; due to stuck port data_in ;                                                     ;
; p2_top_level:p2_tl_unit|p2_controller:c_unit|ns[21] ; Stuck at GND              ; p2_top_level:p2_tl_unit|p2_controller:c_unit|ps[21] ;
;                                                     ; due to stuck port data_in ;                                                     ;
; p2_top_level:p2_tl_unit|p2_controller:c_unit|ns[22] ; Stuck at GND              ; p2_top_level:p2_tl_unit|p2_controller:c_unit|ps[22] ;
;                                                     ; due to stuck port data_in ;                                                     ;
; p2_top_level:p2_tl_unit|p2_controller:c_unit|ns[23] ; Stuck at GND              ; p2_top_level:p2_tl_unit|p2_controller:c_unit|ps[23] ;
;                                                     ; due to stuck port data_in ;                                                     ;
; p2_top_level:p2_tl_unit|p2_controller:c_unit|ns[24] ; Stuck at GND              ; p2_top_level:p2_tl_unit|p2_controller:c_unit|ps[24] ;
;                                                     ; due to stuck port data_in ;                                                     ;
; p2_top_level:p2_tl_unit|p2_controller:c_unit|ns[25] ; Stuck at GND              ; p2_top_level:p2_tl_unit|p2_controller:c_unit|ps[25] ;
;                                                     ; due to stuck port data_in ;                                                     ;
; p2_top_level:p2_tl_unit|p2_controller:c_unit|ns[26] ; Stuck at GND              ; p2_top_level:p2_tl_unit|p2_controller:c_unit|ps[26] ;
;                                                     ; due to stuck port data_in ;                                                     ;
; p2_top_level:p2_tl_unit|p2_controller:c_unit|ns[27] ; Stuck at GND              ; p2_top_level:p2_tl_unit|p2_controller:c_unit|ps[27] ;
;                                                     ; due to stuck port data_in ;                                                     ;
; p2_top_level:p2_tl_unit|p2_controller:c_unit|ns[28] ; Stuck at GND              ; p2_top_level:p2_tl_unit|p2_controller:c_unit|ps[28] ;
;                                                     ; due to stuck port data_in ;                                                     ;
; p2_top_level:p2_tl_unit|p2_controller:c_unit|ns[29] ; Stuck at GND              ; p2_top_level:p2_tl_unit|p2_controller:c_unit|ps[29] ;
;                                                     ; due to stuck port data_in ;                                                     ;
; p2_top_level:p2_tl_unit|p2_controller:c_unit|ns[30] ; Stuck at GND              ; p2_top_level:p2_tl_unit|p2_controller:c_unit|ps[30] ;
;                                                     ; due to stuck port data_in ;                                                     ;
; p2_top_level:p2_tl_unit|p2_controller:c_unit|ns[31] ; Stuck at GND              ; p2_top_level:p2_tl_unit|p2_controller:c_unit|ps[31] ;
;                                                     ; due to stuck port data_in ;                                                     ;
+-----------------------------------------------------+---------------------------+-----------------------------------------------------+


+------------------------------------------------------+
; General Register Statistics                          ;
+----------------------------------------------+-------+
; Statistic                                    ; Value ;
+----------------------------------------------+-------+
; Total registers                              ; 38    ;
; Number of registers using Synchronous Clear  ; 5     ;
; Number of registers using Synchronous Load   ; 0     ;
; Number of registers using Asynchronous Clear ; 0     ;
; Number of registers using Asynchronous Load  ; 0     ;
; Number of registers using Clock Enable       ; 26    ;
; Number of registers using Preset             ; 0     ;
+----------------------------------------------+-------+


+----------------------------------------------------------------------------------------------------------------------------------------------------------------------------+
; Multiplexer Restructuring Statistics (Restructuring Performed)                                                                                                             ;
+--------------------+-----------+---------------+----------------------+------------------------+------------+--------------------------------------------------------------+
; Multiplexer Inputs ; Bus Width ; Baseline Area ; Area if Restructured ; Saving if Restructured ; Registered ; Example Multiplexer Output                                   ;
+--------------------+-----------+---------------+----------------------+------------------------+------------+--------------------------------------------------------------+
; 3:1                ; 7 bits    ; 14 LEs        ; 7 LEs                ; 7 LEs                  ; Yes        ; |DE1_SoC|p1_top_level:tl_unit|p1_datapath:d_unit|A[0]        ;
; 3:1                ; 4 bits    ; 8 LEs         ; 4 LEs                ; 4 LEs                  ; Yes        ; |DE1_SoC|p1_top_level:tl_unit|p1_datapath:d_unit|result[3]   ;
; 3:1                ; 5 bits    ; 10 LEs        ; 5 LEs                ; 5 LEs                  ; Yes        ; |DE1_SoC|p2_top_level:p2_tl_unit|p2_datapath:d_unit|l_ptr[4] ;
; 3:1                ; 4 bits    ; 8 LEs         ; 4 LEs                ; 4 LEs                  ; Yes        ; |DE1_SoC|p2_top_level:p2_tl_unit|p2_datapath:d_unit|m_ptr[0] ;
+--------------------+-----------+---------------+----------------------+------------------------+------------+--------------------------------------------------------------+


+-------------------------------------------------------------------+
; Parameter Settings for User Entity Instance: p1_top_level:tl_unit ;
+----------------+-------+------------------------------------------+
; Parameter Name ; Value ; Type                                     ;
+----------------+-------+------------------------------------------+
; N              ; 8     ; Signed Integer                           ;
; logN           ; 3     ; Signed Integer                           ;
+----------------+-------+------------------------------------------+
Note: In order to hide this table in the UI and the text report file, please set the "Show Parameter Settings in Synthesis Report" option in "Analysis and Synthesis Settings -> More Settings" to "Off".


+----------------------------------------------------------------------------------------+
; Parameter Settings for User Entity Instance: p1_top_level:tl_unit|p1_controller:c_unit ;
+----------------+-------+---------------------------------------------------------------+
; Parameter Name ; Value ; Type                                                          ;
+----------------+-------+---------------------------------------------------------------+
; N              ; 8     ; Signed Integer                                                ;
+----------------+-------+---------------------------------------------------------------+
Note: In order to hide this table in the UI and the text report file, please set the "Show Parameter Settings in Synthesis Report" option in "Analysis and Synthesis Settings -> More Settings" to "Off".


+--------------------------------------------------------------------------------------+
; Parameter Settings for User Entity Instance: p1_top_level:tl_unit|p1_datapath:d_unit ;
+----------------+-------+-------------------------------------------------------------+
; Parameter Name ; Value ; Type                                                        ;
+----------------+-------+-------------------------------------------------------------+
; N              ; 8     ; Signed Integer                                              ;
; logN           ; 3     ; Signed Integer                                              ;
+----------------+-------+-------------------------------------------------------------+
Note: In order to hide this table in the UI and the text report file, please set the "Show Parameter Settings in Synthesis Report" option in "Analysis and Synthesis Settings -> More Settings" to "Off".


+----------------------------------------------------------------------+
; Parameter Settings for User Entity Instance: p2_top_level:p2_tl_unit ;
+----------------+-------+---------------------------------------------+
; Parameter Name ; Value ; Type                                        ;
+----------------+-------+---------------------------------------------+
; DATA_WIDTH     ; 8     ; Signed Integer                              ;
; ADDR_WIDTH     ; 5     ; Signed Integer                              ;
+----------------+-------+---------------------------------------------+
Note: In order to hide this table in the UI and the text report file, please set the "Show Parameter Settings in Synthesis Report" option in "Analysis and Synthesis Settings -> More Settings" to "Off".


+-------------------------------------------------------------------------------------------+
; Parameter Settings for User Entity Instance: p2_top_level:p2_tl_unit|p2_controller:c_unit ;
+----------------+-------+------------------------------------------------------------------+
; Parameter Name ; Value ; Type                                                             ;
+----------------+-------+------------------------------------------------------------------+
; DATA_WIDTH     ; 8     ; Signed Integer                                                   ;
; ADDR_WIDTH     ; 5     ; Signed Integer                                                   ;
+----------------+-------+------------------------------------------------------------------+
Note: In order to hide this table in the UI and the text report file, please set the "Show Parameter Settings in Synthesis Report" option in "Analysis and Synthesis Settings -> More Settings" to "Off".


+-----------------------------------------------------------------------------------------+
; Parameter Settings for User Entity Instance: p2_top_level:p2_tl_unit|p2_datapath:d_unit ;
+----------------+-------+----------------------------------------------------------------+
; Parameter Name ; Value ; Type                                                           ;
+----------------+-------+----------------------------------------------------------------+
; DATA_WIDTH     ; 8     ; Signed Integer                                                 ;
; ADDR_WIDTH     ; 5     ; Signed Integer                                                 ;
+----------------+-------+----------------------------------------------------------------+
Note: In order to hide this table in the UI and the text report file, please set the "Show Parameter Settings in Synthesis Report" option in "Analysis and Synthesis Settings -> More Settings" to "Off".


+---------------------------------------------+
; Port Connectivity Checks: "seg7:h_unit1"    ;
+-----------+-------+----------+--------------+
; Port      ; Type  ; Severity ; Details      ;
+-----------+-------+----------+--------------+
; hex[3..1] ; Input ; Info     ; Stuck at GND ;
+-----------+-------+----------+--------------+


+----------------------------------------------------------------------------------------------------------------+
; Port Connectivity Checks: "dff_pair:dff_1|dff_single:dff1"                                                     ;
+------+--------+----------+-------------------------------------------------------------------------------------+
; Port ; Type   ; Severity ; Details                                                                             ;
+------+--------+----------+-------------------------------------------------------------------------------------+
; q    ; Output ; Info     ; Connected to dangling logic. Logic that only feeds a dangling port will be removed. ;
+------+--------+----------+-------------------------------------------------------------------------------------+


+-----------------------------------------------------+
; Post-Synthesis Netlist Statistics for Top Partition ;
+-----------------------+-----------------------------+
; Type                  ; Count                       ;
+-----------------------+-----------------------------+
; arriav_ff             ; 38                          ;
;     ENA               ; 21                          ;
;     ENA SCLR          ; 5                           ;
;     plain             ; 12                          ;
; arriav_lcell_comb     ; 80                          ;
;     arith             ; 5                           ;
;         2 data inputs ; 5                           ;
;     normal            ; 75                          ;
;         0 data inputs ; 2                           ;
;         1 data inputs ; 3                           ;
;         2 data inputs ; 7                           ;
;         3 data inputs ; 10                          ;
;         4 data inputs ; 19                          ;
;         5 data inputs ; 23                          ;
;         6 data inputs ; 11                          ;
; boundary_port         ; 39                          ;
;                       ;                             ;
; Max LUT depth         ; 5.40                        ;
; Average LUT depth     ; 3.25                        ;
+-----------------------+-----------------------------+


+-------------------------------+
; Elapsed Time Per Partition    ;
+----------------+--------------+
; Partition Name ; Elapsed Time ;
+----------------+--------------+
; Top            ; 00:00:00     ;
+----------------+--------------+


+-------------------------------+
; Analysis & Synthesis Messages ;
+-------------------------------+
Info: *******************************************************************
Info: Running Quartus Prime Analysis & Synthesis
    Info: Version 17.0.0 Build 595 04/25/2017 SJ Lite Edition
    Info: Processing started: Tue Oct 31 22:00:13 2023
Info: Command: quartus_map --read_settings_files=on --write_settings_files=off combined_parts -c combined_parts
Warning (18236): Number of processors has not been specified which may cause overloading on shared machines.  Set the global assignment NUM_PARALLEL_PROCESSORS in your QSF to an appropriate value for best performance.
Info (20030): Parallel compilation is enabled and will use 12 of the 12 processors detected
Info (12021): Found 1 design units, including 1 entities, in source file seg7.sv
    Info (12023): Found entity 1: seg7 File: D:/Documents/ee_371/lab4/seg7.sv Line: 10
Info (12021): Found 1 design units, including 1 entities, in source file rom32x8.sv
    Info (12023): Found entity 1: rom32x8 File: D:/Documents/ee_371/lab4/rom32x8.sv Line: 1
Info (12021): Found 2 design units, including 2 entities, in source file p2_top_level.sv
    Info (12023): Found entity 1: p2_top_level File: D:/Documents/ee_371/lab4/p2_top_level.sv Line: 3
    Info (12023): Found entity 2: p2_top_level_tb File: D:/Documents/ee_371/lab4/p2_top_level.sv Line: 24
Info (12021): Found 1 design units, including 1 entities, in source file p2_datapath.sv
    Info (12023): Found entity 1: p2_datapath File: D:/Documents/ee_371/lab4/p2_datapath.sv Line: 3
Info (12021): Found 1 design units, including 1 entities, in source file p2_controller.sv
    Info (12023): Found entity 1: p2_controller File: D:/Documents/ee_371/lab4/p2_controller.sv Line: 3
Info (12021): Found 2 design units, including 2 entities, in source file p1_top_level.sv
    Info (12023): Found entity 1: p1_top_level File: D:/Documents/ee_371/lab4/p1_top_level.sv Line: 1
    Info (12023): Found entity 2: p1_top_level_tb File: D:/Documents/ee_371/lab4/p1_top_level.sv Line: 22
Info (12021): Found 1 design units, including 1 entities, in source file p1_datapath.sv
    Info (12023): Found entity 1: p1_datapath File: D:/Documents/ee_371/lab4/p1_datapath.sv Line: 1
Info (12021): Found 1 design units, including 1 entities, in source file p1_controller.sv
    Info (12023): Found entity 1: p1_controller File: D:/Documents/ee_371/lab4/p1_controller.sv Line: 1
Info (12021): Found 1 design units, including 1 entities, in source file dff_single.sv
    Info (12023): Found entity 1: dff_single File: D:/Documents/ee_371/lab4/dff_single.sv Line: 1
Info (12021): Found 1 design units, including 1 entities, in source file dff_pair.sv
    Info (12023): Found entity 1: dff_pair File: D:/Documents/ee_371/lab4/dff_pair.sv Line: 1
Info (12021): Found 1 design units, including 1 entities, in source file de1_soc.sv
    Info (12023): Found entity 1: DE1_SoC File: D:/Documents/ee_371/lab4/DE1_SoC.sv Line: 1
Info (12127): Elaborating entity "DE1_SoC" for the top level hierarchy
Warning (10230): Verilog HDL assignment warning at DE1_SoC.sv(12): truncated value with size 32 to match size of target (1) File: D:/Documents/ee_371/lab4/DE1_SoC.sv Line: 12
Warning (10230): Verilog HDL assignment warning at DE1_SoC.sv(15): truncated value with size 32 to match size of target (4) File: D:/Documents/ee_371/lab4/DE1_SoC.sv Line: 15
Warning (10034): Output port "LEDR[8..1]" at DE1_SoC.sv(6) has no driver File: D:/Documents/ee_371/lab4/DE1_SoC.sv Line: 6
Info (12128): Elaborating entity "dff_pair" for hierarchy "dff_pair:dff_1" File: D:/Documents/ee_371/lab4/DE1_SoC.sv Line: 17
Info (12128): Elaborating entity "dff_single" for hierarchy "dff_pair:dff_1|dff_single:dff1" File: D:/Documents/ee_371/lab4/dff_pair.sv Line: 6
Info (12128): Elaborating entity "p1_top_level" for hierarchy "p1_top_level:tl_unit" File: D:/Documents/ee_371/lab4/DE1_SoC.sv Line: 19
Info (12128): Elaborating entity "p1_controller" for hierarchy "p1_top_level:tl_unit|p1_controller:c_unit" File: D:/Documents/ee_371/lab4/p1_top_level.sv Line: 17
Info (12128): Elaborating entity "p1_datapath" for hierarchy "p1_top_level:tl_unit|p1_datapath:d_unit" File: D:/Documents/ee_371/lab4/p1_top_level.sv Line: 18
Warning (10230): Verilog HDL assignment warning at p1_datapath.sv(17): truncated value with size 32 to match size of target (4) File: D:/Documents/ee_371/lab4/p1_datapath.sv Line: 17
Info (12128): Elaborating entity "p2_top_level" for hierarchy "p2_top_level:p2_tl_unit" File: D:/Documents/ee_371/lab4/DE1_SoC.sv Line: 20
Info (12128): Elaborating entity "p2_controller" for hierarchy "p2_top_level:p2_tl_unit|p2_controller:c_unit" File: D:/Documents/ee_371/lab4/p2_top_level.sv Line: 19
Info (12128): Elaborating entity "p2_datapath" for hierarchy "p2_top_level:p2_tl_unit|p2_datapath:d_unit" File: D:/Documents/ee_371/lab4/p2_top_level.sv Line: 20
Info (12128): Elaborating entity "rom32x8" for hierarchy "p2_top_level:p2_tl_unit|p2_datapath:d_unit|rom32x8:r_unit" File: D:/Documents/ee_371/lab4/p2_datapath.sv Line: 17
Warning (10030): Net "rom.data_a" at rom32x8.sv(5) has no driver or initial value, using a default initial value '0' File: D:/Documents/ee_371/lab4/rom32x8.sv Line: 5
Warning (10030): Net "rom.waddr_a" at rom32x8.sv(5) has no driver or initial value, using a default initial value '0' File: D:/Documents/ee_371/lab4/rom32x8.sv Line: 5
Warning (10030): Net "rom.we_a" at rom32x8.sv(5) has no driver or initial value, using a default initial value '0' File: D:/Documents/ee_371/lab4/rom32x8.sv Line: 5
Info (12128): Elaborating entity "seg7" for hierarchy "seg7:h_unit0" File: D:/Documents/ee_371/lab4/DE1_SoC.sv Line: 21
Info (276014): Found 1 instances of uninferred RAM logic
    Info (276004): RAM logic "p2_top_level:p2_tl_unit|p2_datapath:d_unit|rom32x8:r_unit|rom" is uninferred due to inappropriate RAM size File: D:/Documents/ee_371/lab4/rom32x8.sv Line: 5
Warning (13024): Output pins are stuck at VCC or GND
    Warning (13410): Pin "HEX1[1]" is stuck at GND File: D:/Documents/ee_371/lab4/DE1_SoC.sv Line: 5
    Warning (13410): Pin "HEX1[2]" is stuck at GND File: D:/Documents/ee_371/lab4/DE1_SoC.sv Line: 5
    Warning (13410): Pin "HEX1[6]" is stuck at VCC File: D:/Documents/ee_371/lab4/DE1_SoC.sv Line: 5
    Warning (13410): Pin "LEDR[1]" is stuck at GND File: D:/Documents/ee_371/lab4/DE1_SoC.sv Line: 6
    Warning (13410): Pin "LEDR[2]" is stuck at GND File: D:/Documents/ee_371/lab4/DE1_SoC.sv Line: 6
    Warning (13410): Pin "LEDR[3]" is stuck at GND File: D:/Documents/ee_371/lab4/DE1_SoC.sv Line: 6
    Warning (13410): Pin "LEDR[4]" is stuck at GND File: D:/Documents/ee_371/lab4/DE1_SoC.sv Line: 6
    Warning (13410): Pin "LEDR[5]" is stuck at GND File: D:/Documents/ee_371/lab4/DE1_SoC.sv Line: 6
    Warning (13410): Pin "LEDR[6]" is stuck at GND File: D:/Documents/ee_371/lab4/DE1_SoC.sv Line: 6
    Warning (13410): Pin "LEDR[7]" is stuck at GND File: D:/Documents/ee_371/lab4/DE1_SoC.sv Line: 6
    Warning (13410): Pin "LEDR[8]" is stuck at GND File: D:/Documents/ee_371/lab4/DE1_SoC.sv Line: 6
Info (286030): Timing-Driven Synthesis is running
Info (144001): Generated suppressed messages file D:/Documents/ee_371/lab4/combined_parts.map.smsg
Info (16010): Generating hard_block partition "hard_block:auto_generated_inst"
    Info (16011): Adding 0 node(s), including 0 DDIO, 0 PLL, 0 transceiver and 0 LCELL
Warning (21074): Design contains 3 input pin(s) that do not drive logic
    Warning (15610): No output dependent on input pin "KEY[1]" File: D:/Documents/ee_371/lab4/DE1_SoC.sv Line: 3
    Warning (15610): No output dependent on input pin "KEY[2]" File: D:/Documents/ee_371/lab4/DE1_SoC.sv Line: 3
    Warning (15610): No output dependent on input pin "SW[8]" File: D:/Documents/ee_371/lab4/DE1_SoC.sv Line: 4
Info (21057): Implemented 129 device resources after synthesis - the final resource count might be different
    Info (21058): Implemented 15 input pins
    Info (21059): Implemented 24 output pins
    Info (21061): Implemented 90 logic cells
Info: Quartus Prime Analysis & Synthesis was successful. 0 errors, 24 warnings
    Info: Peak virtual memory: 4879 megabytes
    Info: Processing ended: Tue Oct 31 22:00:20 2023
    Info: Elapsed time: 00:00:07
    Info: Total CPU time (on all processors): 00:00:15


+------------------------------------------+
; Analysis & Synthesis Suppressed Messages ;
+------------------------------------------+
The suppressed messages can be found in D:/Documents/ee_371/lab4/combined_parts.map.smsg.


