Analysis & Synthesis report for DE1_SoC
Wed Oct 11 23:27:55 2023
Quartus Prime Version 17.0.0 Build 595 04/25/2017 SJ Lite Edition


---------------------
; Table of Contents ;
---------------------
  1. Legal Notice
  2. Analysis & Synthesis Summary
  3. Analysis & Synthesis Settings
  4. Parallel Compilation
  5. Analysis & Synthesis Source Files Read
  6. Analysis & Synthesis Resource Usage Summary
  7. Analysis & Synthesis Resource Utilization by Entity
  8. Analysis & Synthesis RAM Summary
  9. Analysis & Synthesis IP Cores Summary
 10. Registers Removed During Synthesis
 11. General Register Statistics
 12. Multiplexer Restructuring Statistics (Restructuring Performed)
 13. Source assignments for task3:t3|ram32x3port2:ram|altsyncram:altsyncram_component|altsyncram_m622:auto_generated
 14. Parameter Settings for User Entity Instance: task3:t3|ram32x3port2:ram|altsyncram:altsyncram_component
 15. altsyncram Parameter Settings by Entity Instance
 16. Port Connectivity Checks: "seg7:hex5"
 17. Port Connectivity Checks: "seg7:hex3"
 18. Port Connectivity Checks: "seg7:hex1"
 19. Port Connectivity Checks: "seg7:hex0"
 20. Port Connectivity Checks: "clock_divider:cd"
 21. Post-Synthesis Netlist Statistics for Top Partition
 22. Elapsed Time Per Partition
 23. Analysis & Synthesis Messages
 24. Analysis & Synthesis Suppressed Messages



----------------
; Legal Notice ;
----------------
Copyright (C) 2017  Intel Corporation. All rights reserved.
Your use of Intel Corporation's design tools, logic functions 
and other software and tools, and its AMPP partner logic 
functions, and any output files from any of the foregoing 
(including device programming or simulation files), and any 
associated documentation or information are expressly subject 
to the terms and conditions of the Intel Program License 
Subscription Agreement, the Intel Quartus Prime License Agreement,
the Intel MegaCore Function License Agreement, or other 
applicable license agreement, including, without limitation, 
that your use is for the sole purpose of programming logic 
devices manufactured by Intel and sold by Intel or its 
authorized distributors.  Please refer to the applicable 
agreement for further details.



+-------------------------------------------------------------------------------+
; Analysis & Synthesis Summary                                                  ;
+---------------------------------+---------------------------------------------+
; Analysis & Synthesis Status     ; Successful - Wed Oct 11 23:27:55 2023       ;
; Quartus Prime Version           ; 17.0.0 Build 595 04/25/2017 SJ Lite Edition ;
; Revision Name                   ; DE1_SoC                                     ;
; Top-level Entity Name           ; DE1_SoC_augment                             ;
; Family                          ; Cyclone V                                   ;
; Logic utilization (in ALMs)     ; N/A                                         ;
; Total registers                 ; 7                                           ;
; Total pins                      ; 57                                          ;
; Total virtual pins              ; 0                                           ;
; Total block memory bits         ; 6                                           ;
; Total DSP Blocks                ; 0                                           ;
; Total HSSI RX PCSs              ; 0                                           ;
; Total HSSI PMA RX Deserializers ; 0                                           ;
; Total HSSI TX PCSs              ; 0                                           ;
; Total HSSI PMA TX Serializers   ; 0                                           ;
; Total PLLs                      ; 0                                           ;
; Total DLLs                      ; 0                                           ;
+---------------------------------+---------------------------------------------+


+---------------------------------------------------------------------------------------------------------------------------+
; Analysis & Synthesis Settings                                                                                             ;
+---------------------------------------------------------------------------------+--------------------+--------------------+
; Option                                                                          ; Setting            ; Default Value      ;
+---------------------------------------------------------------------------------+--------------------+--------------------+
; Device                                                                          ; 5CSEMA5F31C6       ;                    ;
; Top-level entity name                                                           ; DE1_SoC_augment    ; DE1_SoC            ;
; Family name                                                                     ; Cyclone V          ; Cyclone V          ;
; State Machine Processing                                                        ; User-Encoded       ; Auto               ;
; Use smart compilation                                                           ; Off                ; Off                ;
; Enable parallel Assembler and TimeQuest Timing Analyzer during compilation      ; On                 ; On                 ;
; Enable compact report table                                                     ; Off                ; Off                ;
; Restructure Multiplexers                                                        ; Auto               ; Auto               ;
; MLAB Add Timing Constraints For Mixed-Port Feed-Through Mode Setting Don't Care ; Off                ; Off                ;
; Create Debugging Nodes for IP Cores                                             ; Off                ; Off                ;
; Preserve fewer node names                                                       ; On                 ; On                 ;
; OpenCore Plus hardware evaluation                                               ; Enable             ; Enable             ;
; Verilog Version                                                                 ; Verilog_2001       ; Verilog_2001       ;
; VHDL Version                                                                    ; VHDL_1993          ; VHDL_1993          ;
; Safe State Machine                                                              ; Off                ; Off                ;
; Extract Verilog State Machines                                                  ; On                 ; On                 ;
; Extract VHDL State Machines                                                     ; On                 ; On                 ;
; Ignore Verilog initial constructs                                               ; Off                ; Off                ;
; Iteration limit for constant Verilog loops                                      ; 5000               ; 5000               ;
; Iteration limit for non-constant Verilog loops                                  ; 250                ; 250                ;
; Add Pass-Through Logic to Inferred RAMs                                         ; On                 ; On                 ;
; Infer RAMs from Raw Logic                                                       ; On                 ; On                 ;
; Parallel Synthesis                                                              ; On                 ; On                 ;
; DSP Block Balancing                                                             ; Auto               ; Auto               ;
; NOT Gate Push-Back                                                              ; On                 ; On                 ;
; Power-Up Don't Care                                                             ; On                 ; On                 ;
; Remove Redundant Logic Cells                                                    ; Off                ; Off                ;
; Remove Duplicate Registers                                                      ; On                 ; On                 ;
; Ignore CARRY Buffers                                                            ; Off                ; Off                ;
; Ignore CASCADE Buffers                                                          ; Off                ; Off                ;
; Ignore GLOBAL Buffers                                                           ; Off                ; Off                ;
; Ignore ROW GLOBAL Buffers                                                       ; Off                ; Off                ;
; Ignore LCELL Buffers                                                            ; Off                ; Off                ;
; Ignore SOFT Buffers                                                             ; On                 ; On                 ;
; Limit AHDL Integers to 32 Bits                                                  ; Off                ; Off                ;
; Optimization Technique                                                          ; Balanced           ; Balanced           ;
; Carry Chain Length                                                              ; 70                 ; 70                 ;
; Auto Carry Chains                                                               ; On                 ; On                 ;
; Auto Open-Drain Pins                                                            ; On                 ; On                 ;
; Perform WYSIWYG Primitive Resynthesis                                           ; Off                ; Off                ;
; Auto ROM Replacement                                                            ; On                 ; On                 ;
; Auto RAM Replacement                                                            ; On                 ; On                 ;
; Auto DSP Block Replacement                                                      ; On                 ; On                 ;
; Auto Shift Register Replacement                                                 ; Auto               ; Auto               ;
; Allow Shift Register Merging across Hierarchies                                 ; Auto               ; Auto               ;
; Auto Clock Enable Replacement                                                   ; On                 ; On                 ;
; Strict RAM Replacement                                                          ; Off                ; Off                ;
; Allow Synchronous Control Signals                                               ; On                 ; On                 ;
; Force Use of Synchronous Clear Signals                                          ; Off                ; Off                ;
; Auto Resource Sharing                                                           ; Off                ; Off                ;
; Allow Any RAM Size For Recognition                                              ; Off                ; Off                ;
; Allow Any ROM Size For Recognition                                              ; Off                ; Off                ;
; Allow Any Shift Register Size For Recognition                                   ; Off                ; Off                ;
; Use LogicLock Constraints during Resource Balancing                             ; On                 ; On                 ;
; Ignore translate_off and synthesis_off directives                               ; Off                ; Off                ;
; Timing-Driven Synthesis                                                         ; On                 ; On                 ;
; Report Parameter Settings                                                       ; On                 ; On                 ;
; Report Source Assignments                                                       ; On                 ; On                 ;
; Report Connectivity Checks                                                      ; On                 ; On                 ;
; Ignore Maximum Fan-Out Assignments                                              ; Off                ; Off                ;
; Synchronization Register Chain Length                                           ; 3                  ; 3                  ;
; PowerPlay Power Optimization During Synthesis                                   ; Normal compilation ; Normal compilation ;
; HDL message level                                                               ; Level2             ; Level2             ;
; Suppress Register Optimization Related Messages                                 ; Off                ; Off                ;
; Number of Removed Registers Reported in Synthesis Report                        ; 5000               ; 5000               ;
; Number of Swept Nodes Reported in Synthesis Report                              ; 5000               ; 5000               ;
; Number of Inverted Registers Reported in Synthesis Report                       ; 100                ; 100                ;
; Clock MUX Protection                                                            ; On                 ; On                 ;
; Auto Gated Clock Conversion                                                     ; Off                ; Off                ;
; Block Design Naming                                                             ; Auto               ; Auto               ;
; SDC constraint protection                                                       ; Off                ; Off                ;
; Synthesis Effort                                                                ; Auto               ; Auto               ;
; Shift Register Replacement - Allow Asynchronous Clear Signal                    ; On                 ; On                 ;
; Pre-Mapping Resynthesis Optimization                                            ; Off                ; Off                ;
; Analysis & Synthesis Message Level                                              ; Medium             ; Medium             ;
; Disable Register Merging Across Hierarchies                                     ; Auto               ; Auto               ;
; Resource Aware Inference For Block RAM                                          ; On                 ; On                 ;
; Automatic Parallel Synthesis                                                    ; On                 ; On                 ;
; Partial Reconfiguration Bitstream ID                                            ; Off                ; Off                ;
+---------------------------------------------------------------------------------+--------------------+--------------------+


+------------------------------------------+
; Parallel Compilation                     ;
+----------------------------+-------------+
; Processors                 ; Number      ;
+----------------------------+-------------+
; Number detected on machine ; 12          ;
; Maximum allowed            ; 12          ;
;                            ;             ;
; Average used               ; 1.00        ;
; Maximum used               ; 12          ;
;                            ;             ;
; Usage by Processor         ; % Time Used ;
;     Processor 1            ; 100.0%      ;
;     Processors 2-12        ;   0.0%      ;
+----------------------------+-------------+


+--------------------------------------------------------------------------------------------------------------------------------------------------------------------------------+
; Analysis & Synthesis Source Files Read                                                                                                                                         ;
+----------------------------------+-----------------+----------------------------------+------------------------------------------------------------------------------+---------+
; File Name with User-Entered Path ; Used in Netlist ; File Type                        ; File Name with Absolute Path                                                 ; Library ;
+----------------------------------+-----------------+----------------------------------+------------------------------------------------------------------------------+---------+
; seg7.sv                          ; yes             ; User SystemVerilog HDL File      ; D:/Documents/ee_371/lab2/seg7.sv                                             ;         ;
; ram32x3port2.v                   ; yes             ; User Wizard-Generated File       ; D:/Documents/ee_371/lab2/ram32x3port2.v                                      ;         ;
; ram32x3.mif                      ; yes             ; User Memory Initialization File  ; D:/Documents/ee_371/lab2/ram32x3.mif                                         ;         ;
; task3.sv                         ; yes             ; User SystemVerilog HDL File      ; D:/Documents/ee_371/lab2/task3.sv                                            ;         ;
; DE1_SoC_augment.sv               ; yes             ; User SystemVerilog HDL File      ; D:/Documents/ee_371/lab2/DE1_SoC_augment.sv                                  ;         ;
; task2_augment.sv                 ; yes             ; User SystemVerilog HDL File      ; D:/Documents/ee_371/lab2/task2_augment.sv                                    ;         ;
; clock_divider.sv                 ; yes             ; User SystemVerilog HDL File      ; D:/Documents/ee_371/lab2/clock_divider.sv                                    ;         ;
; altsyncram.tdf                   ; yes             ; Megafunction                     ; d:/intelfpga_lite/17.0/quartus/libraries/megafunctions/altsyncram.tdf        ;         ;
; stratix_ram_block.inc            ; yes             ; Megafunction                     ; d:/intelfpga_lite/17.0/quartus/libraries/megafunctions/stratix_ram_block.inc ;         ;
; lpm_mux.inc                      ; yes             ; Megafunction                     ; d:/intelfpga_lite/17.0/quartus/libraries/megafunctions/lpm_mux.inc           ;         ;
; lpm_decode.inc                   ; yes             ; Megafunction                     ; d:/intelfpga_lite/17.0/quartus/libraries/megafunctions/lpm_decode.inc        ;         ;
; aglobal170.inc                   ; yes             ; Megafunction                     ; d:/intelfpga_lite/17.0/quartus/libraries/megafunctions/aglobal170.inc        ;         ;
; a_rdenreg.inc                    ; yes             ; Megafunction                     ; d:/intelfpga_lite/17.0/quartus/libraries/megafunctions/a_rdenreg.inc         ;         ;
; altrom.inc                       ; yes             ; Megafunction                     ; d:/intelfpga_lite/17.0/quartus/libraries/megafunctions/altrom.inc            ;         ;
; altram.inc                       ; yes             ; Megafunction                     ; d:/intelfpga_lite/17.0/quartus/libraries/megafunctions/altram.inc            ;         ;
; altdpram.inc                     ; yes             ; Megafunction                     ; d:/intelfpga_lite/17.0/quartus/libraries/megafunctions/altdpram.inc          ;         ;
; db/altsyncram_m622.tdf           ; yes             ; Auto-Generated Megafunction      ; D:/Documents/ee_371/lab2/db/altsyncram_m622.tdf                              ;         ;
+----------------------------------+-----------------+----------------------------------+------------------------------------------------------------------------------+---------+


+-----------------------------------------------------------+
; Analysis & Synthesis Resource Usage Summary               ;
+---------------------------------------------+-------------+
; Resource                                    ; Usage       ;
+---------------------------------------------+-------------+
; Estimate of Logic utilization (ALMs needed) ; 13          ;
;                                             ;             ;
; Combinational ALUT usage for logic          ; 25          ;
;     -- 7 input functions                    ; 0           ;
;     -- 6 input functions                    ; 0           ;
;     -- 5 input functions                    ; 7           ;
;     -- 4 input functions                    ; 3           ;
;     -- <=3 input functions                  ; 15          ;
;                                             ;             ;
; Dedicated logic registers                   ; 7           ;
;                                             ;             ;
; I/O pins                                    ; 57          ;
; Total MLAB memory bits                      ; 0           ;
; Total block memory bits                     ; 6           ;
;                                             ;             ;
; Total DSP Blocks                            ; 0           ;
;                                             ;             ;
; Maximum fan-out node                        ; SW[9]~input ;
; Maximum fan-out                             ; 14          ;
; Total fan-out                               ; 188         ;
; Average fan-out                             ; 1.26        ;
+---------------------------------------------+-------------+


+----------------------------------------------------------------------------------------------------------------------------------------------------------------------------------------------------------------------------------------------------------------------------------------------------+
; Analysis & Synthesis Resource Utilization by Entity                                                                                                                                                                                                                                                ;
+----------------------------------------------+---------------------+---------------------------+-------------------+------------+------+--------------+-----------------------------------------------------------------------------------------------------------+-----------------+--------------+
; Compilation Hierarchy Node                   ; Combinational ALUTs ; Dedicated Logic Registers ; Block Memory Bits ; DSP Blocks ; Pins ; Virtual Pins ; Full Hierarchy Name                                                                                       ; Entity Name     ; Library Name ;
+----------------------------------------------+---------------------+---------------------------+-------------------+------------+------+--------------+-----------------------------------------------------------------------------------------------------------+-----------------+--------------+
; |DE1_SoC_augment                             ; 25 (3)              ; 7 (0)                     ; 6                 ; 0          ; 57   ; 0            ; |DE1_SoC_augment                                                                                          ; DE1_SoC_augment ; work         ;
;    |seg7:hex0|                               ; 7 (7)               ; 0 (0)                     ; 0                 ; 0          ; 0    ; 0            ; |DE1_SoC_augment|seg7:hex0                                                                                ; seg7            ; work         ;
;    |seg7:hex1|                               ; 7 (7)               ; 0 (0)                     ; 0                 ; 0          ; 0    ; 0            ; |DE1_SoC_augment|seg7:hex1                                                                                ; seg7            ; work         ;
;    |task2_augment:t2|                        ; 7 (7)               ; 6 (6)                     ; 0                 ; 0          ; 0    ; 0            ; |DE1_SoC_augment|task2_augment:t2                                                                         ; task2_augment   ; work         ;
;    |task3:t3|                                ; 1 (1)               ; 1 (1)                     ; 6                 ; 0          ; 0    ; 0            ; |DE1_SoC_augment|task3:t3                                                                                 ; task3           ; work         ;
;       |ram32x3port2:ram|                     ; 0 (0)               ; 0 (0)                     ; 6                 ; 0          ; 0    ; 0            ; |DE1_SoC_augment|task3:t3|ram32x3port2:ram                                                                ; ram32x3port2    ; work         ;
;          |altsyncram:altsyncram_component|   ; 0 (0)               ; 0 (0)                     ; 6                 ; 0          ; 0    ; 0            ; |DE1_SoC_augment|task3:t3|ram32x3port2:ram|altsyncram:altsyncram_component                                ; altsyncram      ; work         ;
;             |altsyncram_m622:auto_generated| ; 0 (0)               ; 0 (0)                     ; 6                 ; 0          ; 0    ; 0            ; |DE1_SoC_augment|task3:t3|ram32x3port2:ram|altsyncram:altsyncram_component|altsyncram_m622:auto_generated ; altsyncram_m622 ; work         ;
+----------------------------------------------+---------------------+---------------------------+-------------------+------------+------+--------------+-----------------------------------------------------------------------------------------------------------+-----------------+--------------+
Note: For table entries with two numbers listed, the numbers in parentheses indicate the number of resources of the given type used by the specific entity alone. The numbers listed outside of parentheses indicate the total resources of the given type used by the specific entity and all of its sub-entities in the hierarchy.


+----------------------------------------------------------------------------------------------------------------------------------------------------------------------------------------------------------------------+
; Analysis & Synthesis RAM Summary                                                                                                                                                                                     ;
+-----------------------------------------------------------------------------------------------------+------------+------------------+--------------+--------------+--------------+--------------+------+-------------+
; Name                                                                                                ; Type       ; Mode             ; Port A Depth ; Port A Width ; Port B Depth ; Port B Width ; Size ; MIF         ;
+-----------------------------------------------------------------------------------------------------+------------+------------------+--------------+--------------+--------------+--------------+------+-------------+
; task3:t3|ram32x3port2:ram|altsyncram:altsyncram_component|altsyncram_m622:auto_generated|ALTSYNCRAM ; M10K block ; Simple Dual Port ; 32           ; 3            ; 32           ; 3            ; 96   ; ram32x3.mif ;
+-----------------------------------------------------------------------------------------------------+------------+------------------+--------------+--------------+--------------+--------------+------+-------------+


+------------------------------------------------------------------------------------------------------------------------------+
; Analysis & Synthesis IP Cores Summary                                                                                        ;
+--------+--------------+---------+--------------+--------------+--------------------------------------------+-----------------+
; Vendor ; IP Core Name ; Version ; Release Date ; License Type ; Entity Instance                            ; IP Include File ;
+--------+--------------+---------+--------------+--------------+--------------------------------------------+-----------------+
; Altera ; RAM: 2-PORT  ; 17.0    ; N/A          ; N/A          ; |DE1_SoC_augment|task3:t3|ram32x3port2:ram ; ram32x3port2.v  ;
+--------+--------------+---------+--------------+--------------+--------------------------------------------+-----------------+


+---------------------------------------------------------------------------------+
; Registers Removed During Synthesis                                              ;
+----------------------------------------+----------------------------------------+
; Register name                          ; Reason for Removal                     ;
+----------------------------------------+----------------------------------------+
; task2_augment:t2|memory_array[5][2]    ; Stuck at GND due to stuck port data_in ;
; task2_augment:t2|memory_array[5][1]    ; Stuck at GND due to stuck port data_in ;
; task2_augment:t2|memory_array[5][0]    ; Stuck at GND due to stuck port data_in ;
; task2_augment:t2|memory_array[4][2]    ; Stuck at GND due to stuck port data_in ;
; task2_augment:t2|memory_array[4][1]    ; Stuck at GND due to stuck port data_in ;
; task2_augment:t2|memory_array[4][0]    ; Stuck at GND due to stuck port data_in ;
; task2_augment:t2|memory_array[2][0]    ; Stuck at GND due to stuck port data_in ;
; task2_augment:t2|memory_array[1][2]    ; Stuck at GND due to stuck port data_in ;
; task2_augment:t2|memory_array[1][1]    ; Stuck at GND due to stuck port data_in ;
; task2_augment:t2|memory_array[1][0]    ; Stuck at GND due to stuck port data_in ;
; task2_augment:t2|memory_array[3][2]    ; Stuck at GND due to stuck port data_in ;
; task2_augment:t2|memory_array[3][1]    ; Stuck at GND due to stuck port data_in ;
; task2_augment:t2|memory_array[3][0]    ; Stuck at GND due to stuck port data_in ;
; task2_augment:t2|memory_array[2][2]    ; Stuck at GND due to stuck port data_in ;
; task2_augment:t2|memory_array[2][1]    ; Stuck at GND due to stuck port data_in ;
; task2_augment:t2|memory_array[6][0]    ; Stuck at GND due to stuck port data_in ;
; task2_augment:t2|memory_array[6][1]    ; Stuck at GND due to stuck port data_in ;
; task2_augment:t2|memory_array[6][2]    ; Stuck at GND due to stuck port data_in ;
; task2_augment:t2|memory_array[7][0]    ; Stuck at GND due to stuck port data_in ;
; task2_augment:t2|memory_array[7][1]    ; Stuck at GND due to stuck port data_in ;
; task2_augment:t2|memory_array[7][2]    ; Stuck at GND due to stuck port data_in ;
; task2_augment:t2|memory_array[8][0]    ; Stuck at GND due to stuck port data_in ;
; task2_augment:t2|memory_array[8][1]    ; Stuck at GND due to stuck port data_in ;
; task2_augment:t2|memory_array[8][2]    ; Stuck at GND due to stuck port data_in ;
; task2_augment:t2|memory_array[9][0]    ; Stuck at GND due to stuck port data_in ;
; task2_augment:t2|memory_array[9][1]    ; Stuck at GND due to stuck port data_in ;
; task2_augment:t2|memory_array[9][2]    ; Stuck at GND due to stuck port data_in ;
; task2_augment:t2|memory_array[10][0]   ; Stuck at GND due to stuck port data_in ;
; task2_augment:t2|memory_array[10][1]   ; Stuck at GND due to stuck port data_in ;
; task2_augment:t2|memory_array[10][2]   ; Stuck at GND due to stuck port data_in ;
; task2_augment:t2|memory_array[11][0]   ; Stuck at GND due to stuck port data_in ;
; task2_augment:t2|memory_array[11][1]   ; Stuck at GND due to stuck port data_in ;
; task2_augment:t2|memory_array[11][2]   ; Stuck at GND due to stuck port data_in ;
; task2_augment:t2|memory_array[12][0]   ; Stuck at GND due to stuck port data_in ;
; task2_augment:t2|memory_array[12][1]   ; Stuck at GND due to stuck port data_in ;
; task2_augment:t2|memory_array[12][2]   ; Stuck at GND due to stuck port data_in ;
; task2_augment:t2|memory_array[13][0]   ; Stuck at GND due to stuck port data_in ;
; task2_augment:t2|memory_array[13][1]   ; Stuck at GND due to stuck port data_in ;
; task2_augment:t2|memory_array[13][2]   ; Stuck at GND due to stuck port data_in ;
; task2_augment:t2|memory_array[14][0]   ; Stuck at GND due to stuck port data_in ;
; task2_augment:t2|memory_array[14][1]   ; Stuck at GND due to stuck port data_in ;
; task2_augment:t2|memory_array[14][2]   ; Stuck at GND due to stuck port data_in ;
; task2_augment:t2|memory_array[15][0]   ; Stuck at GND due to stuck port data_in ;
; task2_augment:t2|memory_array[15][1]   ; Stuck at GND due to stuck port data_in ;
; task2_augment:t2|memory_array[15][2]   ; Stuck at GND due to stuck port data_in ;
; task2_augment:t2|memory_array[16][0]   ; Stuck at GND due to stuck port data_in ;
; task2_augment:t2|memory_array[16][1]   ; Stuck at GND due to stuck port data_in ;
; task2_augment:t2|memory_array[16][2]   ; Stuck at GND due to stuck port data_in ;
; task2_augment:t2|memory_array[17][0]   ; Stuck at GND due to stuck port data_in ;
; task2_augment:t2|memory_array[17][1]   ; Stuck at GND due to stuck port data_in ;
; task2_augment:t2|memory_array[17][2]   ; Stuck at GND due to stuck port data_in ;
; task2_augment:t2|memory_array[18][0]   ; Stuck at GND due to stuck port data_in ;
; task2_augment:t2|memory_array[18][1]   ; Stuck at GND due to stuck port data_in ;
; task2_augment:t2|memory_array[18][2]   ; Stuck at GND due to stuck port data_in ;
; task2_augment:t2|memory_array[19][0]   ; Stuck at GND due to stuck port data_in ;
; task2_augment:t2|memory_array[19][1]   ; Stuck at GND due to stuck port data_in ;
; task2_augment:t2|memory_array[19][2]   ; Stuck at GND due to stuck port data_in ;
; task2_augment:t2|memory_array[20][0]   ; Stuck at GND due to stuck port data_in ;
; task2_augment:t2|memory_array[20][1]   ; Stuck at GND due to stuck port data_in ;
; task2_augment:t2|memory_array[20][2]   ; Stuck at GND due to stuck port data_in ;
; task2_augment:t2|memory_array[21][0]   ; Stuck at GND due to stuck port data_in ;
; task2_augment:t2|memory_array[21][1]   ; Stuck at GND due to stuck port data_in ;
; task2_augment:t2|memory_array[21][2]   ; Stuck at GND due to stuck port data_in ;
; task2_augment:t2|memory_array[22][0]   ; Stuck at GND due to stuck port data_in ;
; task2_augment:t2|memory_array[22][1]   ; Stuck at GND due to stuck port data_in ;
; task2_augment:t2|memory_array[22][2]   ; Stuck at GND due to stuck port data_in ;
; task2_augment:t2|memory_array[23][0]   ; Stuck at GND due to stuck port data_in ;
; task2_augment:t2|memory_array[23][1]   ; Stuck at GND due to stuck port data_in ;
; task2_augment:t2|memory_array[23][2]   ; Stuck at GND due to stuck port data_in ;
; task2_augment:t2|memory_array[24][0]   ; Stuck at GND due to stuck port data_in ;
; task2_augment:t2|memory_array[24][1]   ; Stuck at GND due to stuck port data_in ;
; task2_augment:t2|memory_array[24][2]   ; Stuck at GND due to stuck port data_in ;
; task2_augment:t2|memory_array[25][0]   ; Stuck at GND due to stuck port data_in ;
; task2_augment:t2|memory_array[25][1]   ; Stuck at GND due to stuck port data_in ;
; task2_augment:t2|memory_array[25][2]   ; Stuck at GND due to stuck port data_in ;
; task2_augment:t2|memory_array[26][0]   ; Stuck at GND due to stuck port data_in ;
; task2_augment:t2|memory_array[26][1]   ; Stuck at GND due to stuck port data_in ;
; task2_augment:t2|memory_array[26][2]   ; Stuck at GND due to stuck port data_in ;
; task2_augment:t2|memory_array[27][0]   ; Stuck at GND due to stuck port data_in ;
; task2_augment:t2|memory_array[27][1]   ; Stuck at GND due to stuck port data_in ;
; task2_augment:t2|memory_array[27][2]   ; Stuck at GND due to stuck port data_in ;
; task2_augment:t2|memory_array[28][0]   ; Stuck at GND due to stuck port data_in ;
; task2_augment:t2|memory_array[28][1]   ; Stuck at GND due to stuck port data_in ;
; task2_augment:t2|memory_array[28][2]   ; Stuck at GND due to stuck port data_in ;
; task2_augment:t2|memory_array[29][0]   ; Stuck at GND due to stuck port data_in ;
; task2_augment:t2|memory_array[29][1]   ; Stuck at GND due to stuck port data_in ;
; task2_augment:t2|memory_array[29][2]   ; Stuck at GND due to stuck port data_in ;
; task2_augment:t2|memory_array[30][0]   ; Stuck at GND due to stuck port data_in ;
; task2_augment:t2|memory_array[30][1]   ; Stuck at GND due to stuck port data_in ;
; task2_augment:t2|memory_array[30][2]   ; Stuck at GND due to stuck port data_in ;
; task2_augment:t2|memory_array[31][0]   ; Stuck at GND due to stuck port data_in ;
; task2_augment:t2|memory_array[31][1]   ; Stuck at GND due to stuck port data_in ;
; task2_augment:t2|memory_array[31][2]   ; Stuck at GND due to stuck port data_in ;
; rdaddress[0..4]                        ; Stuck at GND due to stuck port data_in ;
; Total Number of Removed Registers = 98 ;                                        ;
+----------------------------------------+----------------------------------------+


+------------------------------------------------------+
; General Register Statistics                          ;
+----------------------------------------------+-------+
; Statistic                                    ; Value ;
+----------------------------------------------+-------+
; Total registers                              ; 7     ;
; Number of registers using Synchronous Clear  ; 0     ;
; Number of registers using Synchronous Load   ; 0     ;
; Number of registers using Asynchronous Clear ; 0     ;
; Number of registers using Asynchronous Load  ; 0     ;
; Number of registers using Clock Enable       ; 6     ;
; Number of registers using Preset             ; 0     ;
+----------------------------------------------+-------+


+--------------------------------------------------------------------------------------------------------------------------------------------------------------------+
; Multiplexer Restructuring Statistics (Restructuring Performed)                                                                                                     ;
+--------------------+-----------+---------------+----------------------+------------------------+------------+------------------------------------------------------+
; Multiplexer Inputs ; Bus Width ; Baseline Area ; Area if Restructured ; Saving if Restructured ; Registered ; Example Multiplexer Output                           ;
+--------------------+-----------+---------------+----------------------+------------------------+------------+------------------------------------------------------+
; 3:1                ; 3 bits    ; 6 LEs         ; 6 LEs                ; 0 LEs                  ; Yes        ; |DE1_SoC_augment|task2_augment:t2|q[1]               ;
; 3:1                ; 3 bits    ; 6 LEs         ; 3 LEs                ; 3 LEs                  ; Yes        ; |DE1_SoC_augment|task2_augment:t2|memory_array[0][1] ;
; 3:1                ; 5 bits    ; 10 LEs        ; 10 LEs               ; 0 LEs                  ; Yes        ; |DE1_SoC_augment|rdaddress[3]                        ;
+--------------------+-----------+---------------+----------------------+------------------------+------------+------------------------------------------------------+


+-----------------------------------------------------------------------------------------------------------------+
; Source assignments for task3:t3|ram32x3port2:ram|altsyncram:altsyncram_component|altsyncram_m622:auto_generated ;
+---------------------------------+--------------------+------+---------------------------------------------------+
; Assignment                      ; Value              ; From ; To                                                ;
+---------------------------------+--------------------+------+---------------------------------------------------+
; OPTIMIZE_POWER_DURING_SYNTHESIS ; NORMAL_COMPILATION ; -    ; -                                                 ;
+---------------------------------+--------------------+------+---------------------------------------------------+


+--------------------------------------------------------------------------------------------------------+
; Parameter Settings for User Entity Instance: task3:t3|ram32x3port2:ram|altsyncram:altsyncram_component ;
+------------------------------------+----------------------+--------------------------------------------+
; Parameter Name                     ; Value                ; Type                                       ;
+------------------------------------+----------------------+--------------------------------------------+
; BYTE_SIZE_BLOCK                    ; 8                    ; Untyped                                    ;
; AUTO_CARRY_CHAINS                  ; ON                   ; AUTO_CARRY                                 ;
; IGNORE_CARRY_BUFFERS               ; OFF                  ; IGNORE_CARRY                               ;
; AUTO_CASCADE_CHAINS                ; ON                   ; AUTO_CASCADE                               ;
; IGNORE_CASCADE_BUFFERS             ; OFF                  ; IGNORE_CASCADE                             ;
; WIDTH_BYTEENA                      ; 1                    ; Untyped                                    ;
; OPERATION_MODE                     ; DUAL_PORT            ; Untyped                                    ;
; WIDTH_A                            ; 3                    ; Signed Integer                             ;
; WIDTHAD_A                          ; 5                    ; Signed Integer                             ;
; NUMWORDS_A                         ; 32                   ; Signed Integer                             ;
; OUTDATA_REG_A                      ; UNREGISTERED         ; Untyped                                    ;
; ADDRESS_ACLR_A                     ; NONE                 ; Untyped                                    ;
; OUTDATA_ACLR_A                     ; NONE                 ; Untyped                                    ;
; WRCONTROL_ACLR_A                   ; NONE                 ; Untyped                                    ;
; INDATA_ACLR_A                      ; NONE                 ; Untyped                                    ;
; BYTEENA_ACLR_A                     ; NONE                 ; Untyped                                    ;
; WIDTH_B                            ; 3                    ; Signed Integer                             ;
; WIDTHAD_B                          ; 5                    ; Signed Integer                             ;
; NUMWORDS_B                         ; 32                   ; Signed Integer                             ;
; INDATA_REG_B                       ; CLOCK1               ; Untyped                                    ;
; WRCONTROL_WRADDRESS_REG_B          ; CLOCK1               ; Untyped                                    ;
; RDCONTROL_REG_B                    ; CLOCK1               ; Untyped                                    ;
; ADDRESS_REG_B                      ; CLOCK0               ; Untyped                                    ;
; OUTDATA_REG_B                      ; UNREGISTERED         ; Untyped                                    ;
; BYTEENA_REG_B                      ; CLOCK1               ; Untyped                                    ;
; INDATA_ACLR_B                      ; NONE                 ; Untyped                                    ;
; WRCONTROL_ACLR_B                   ; NONE                 ; Untyped                                    ;
; ADDRESS_ACLR_B                     ; NONE                 ; Untyped                                    ;
; OUTDATA_ACLR_B                     ; NONE                 ; Untyped                                    ;
; RDCONTROL_ACLR_B                   ; NONE                 ; Untyped                                    ;
; BYTEENA_ACLR_B                     ; NONE                 ; Untyped                                    ;
; WIDTH_BYTEENA_A                    ; 1                    ; Signed Integer                             ;
; WIDTH_BYTEENA_B                    ; 1                    ; Untyped                                    ;
; RAM_BLOCK_TYPE                     ; M10K                 ; Untyped                                    ;
; BYTE_SIZE                          ; 8                    ; Untyped                                    ;
; READ_DURING_WRITE_MODE_MIXED_PORTS ; DONT_CARE            ; Untyped                                    ;
; READ_DURING_WRITE_MODE_PORT_A      ; NEW_DATA_NO_NBE_READ ; Untyped                                    ;
; READ_DURING_WRITE_MODE_PORT_B      ; NEW_DATA_NO_NBE_READ ; Untyped                                    ;
; INIT_FILE                          ; ram32x3.mif          ; Untyped                                    ;
; INIT_FILE_LAYOUT                   ; PORT_A               ; Untyped                                    ;
; MAXIMUM_DEPTH                      ; 0                    ; Untyped                                    ;
; CLOCK_ENABLE_INPUT_A               ; BYPASS               ; Untyped                                    ;
; CLOCK_ENABLE_INPUT_B               ; BYPASS               ; Untyped                                    ;
; CLOCK_ENABLE_OUTPUT_A              ; NORMAL               ; Untyped                                    ;
; CLOCK_ENABLE_OUTPUT_B              ; BYPASS               ; Untyped                                    ;
; CLOCK_ENABLE_CORE_A                ; USE_INPUT_CLKEN      ; Untyped                                    ;
; CLOCK_ENABLE_CORE_B                ; USE_INPUT_CLKEN      ; Untyped                                    ;
; ENABLE_ECC                         ; FALSE                ; Untyped                                    ;
; ECC_PIPELINE_STAGE_ENABLED         ; FALSE                ; Untyped                                    ;
; WIDTH_ECCSTATUS                    ; 3                    ; Untyped                                    ;
; DEVICE_FAMILY                      ; Cyclone V            ; Untyped                                    ;
; CBXI_PARAMETER                     ; altsyncram_m622      ; Untyped                                    ;
+------------------------------------+----------------------+--------------------------------------------+
Note: In order to hide this table in the UI and the text report file, please set the "Show Parameter Settings in Synthesis Report" option in "Analysis and Synthesis Settings -> More Settings" to "Off".


+-------------------------------------------------------------------------------------------------------+
; altsyncram Parameter Settings by Entity Instance                                                      ;
+-------------------------------------------+-----------------------------------------------------------+
; Name                                      ; Value                                                     ;
+-------------------------------------------+-----------------------------------------------------------+
; Number of entity instances                ; 1                                                         ;
; Entity Instance                           ; task3:t3|ram32x3port2:ram|altsyncram:altsyncram_component ;
;     -- OPERATION_MODE                     ; DUAL_PORT                                                 ;
;     -- WIDTH_A                            ; 3                                                         ;
;     -- NUMWORDS_A                         ; 32                                                        ;
;     -- OUTDATA_REG_A                      ; UNREGISTERED                                              ;
;     -- WIDTH_B                            ; 3                                                         ;
;     -- NUMWORDS_B                         ; 32                                                        ;
;     -- ADDRESS_REG_B                      ; CLOCK0                                                    ;
;     -- OUTDATA_REG_B                      ; UNREGISTERED                                              ;
;     -- RAM_BLOCK_TYPE                     ; M10K                                                      ;
;     -- READ_DURING_WRITE_MODE_MIXED_PORTS ; DONT_CARE                                                 ;
+-------------------------------------------+-----------------------------------------------------------+


+---------------------------------------------+
; Port Connectivity Checks: "seg7:hex5"       ;
+-----------+-------+----------+--------------+
; Port      ; Type  ; Severity ; Details      ;
+-----------+-------+----------+--------------+
; hex[3..1] ; Input ; Info     ; Stuck at GND ;
+-----------+-------+----------+--------------+


+---------------------------------------------+
; Port Connectivity Checks: "seg7:hex3"       ;
+-----------+-------+----------+--------------+
; Port      ; Type  ; Severity ; Details      ;
+-----------+-------+----------+--------------+
; hex[3..1] ; Input ; Info     ; Stuck at GND ;
+-----------+-------+----------+--------------+


+------------------------------------------+
; Port Connectivity Checks: "seg7:hex1"    ;
+--------+-------+----------+--------------+
; Port   ; Type  ; Severity ; Details      ;
+--------+-------+----------+--------------+
; hex[3] ; Input ; Info     ; Stuck at GND ;
+--------+-------+----------+--------------+


+------------------------------------------+
; Port Connectivity Checks: "seg7:hex0"    ;
+--------+-------+----------+--------------+
; Port   ; Type  ; Severity ; Details      ;
+--------+-------+----------+--------------+
; hex[3] ; Input ; Info     ; Stuck at GND ;
+--------+-------+----------+--------------+


+--------------------------------------------------------------------------------------------------------------------------+
; Port Connectivity Checks: "clock_divider:cd"                                                                             ;
+----------------+--------+----------+-------------------------------------------------------------------------------------+
; Port           ; Type   ; Severity ; Details                                                                             ;
+----------------+--------+----------+-------------------------------------------------------------------------------------+
; divided_clocks ; Output ; Info     ; Connected to dangling logic. Logic that only feeds a dangling port will be removed. ;
+----------------+--------+----------+-------------------------------------------------------------------------------------+


+-----------------------------------------------------+
; Post-Synthesis Netlist Statistics for Top Partition ;
+-----------------------+-----------------------------+
; Type                  ; Count                       ;
+-----------------------+-----------------------------+
; arriav_ff             ; 7                           ;
;     ENA               ; 6                           ;
;     plain             ; 1                           ;
; arriav_lcell_comb     ; 28                          ;
;     normal            ; 28                          ;
;         0 data inputs ; 2                           ;
;         1 data inputs ; 2                           ;
;         2 data inputs ; 4                           ;
;         3 data inputs ; 10                          ;
;         4 data inputs ; 3                           ;
;         5 data inputs ; 7                           ;
; boundary_port         ; 57                          ;
; stratixv_ram_block    ; 3                           ;
;                       ;                             ;
; Max LUT depth         ; 3.00                        ;
; Average LUT depth     ; 1.60                        ;
+-----------------------+-----------------------------+


+-------------------------------+
; Elapsed Time Per Partition    ;
+----------------+--------------+
; Partition Name ; Elapsed Time ;
+----------------+--------------+
; Top            ; 00:00:00     ;
+----------------+--------------+


+-------------------------------+
; Analysis & Synthesis Messages ;
+-------------------------------+
Info: *******************************************************************
Info: Running Quartus Prime Analysis & Synthesis
    Info: Version 17.0.0 Build 595 04/25/2017 SJ Lite Edition
    Info: Processing started: Wed Oct 11 23:27:47 2023
Info: Command: quartus_map --read_settings_files=on --write_settings_files=off DE1_SoC -c DE1_SoC
Warning (18236): Number of processors has not been specified which may cause overloading on shared machines.  Set the global assignment NUM_PARALLEL_PROCESSORS in your QSF to an appropriate value for best performance.
Info (20030): Parallel compilation is enabled and will use 12 of the 12 processors detected
Info (12021): Found 1 design units, including 1 entities, in source file ram32x3.v
    Info (12023): Found entity 1: ram32x3 File: D:/Documents/ee_371/lab2/ram32x3.v Line: 40
Info (12021): Found 1 design units, including 1 entities, in source file task1.sv
    Info (12023): Found entity 1: task1 File: D:/Documents/ee_371/lab2/task1.sv Line: 6
Info (12021): Found 1 design units, including 1 entities, in source file task2.sv
    Info (12023): Found entity 1: task2 File: D:/Documents/ee_371/lab2/task2.sv Line: 8
Info (12021): Found 1 design units, including 1 entities, in source file task1_tb.sv
    Info (12023): Found entity 1: task1_tb File: D:/Documents/ee_371/lab2/task1_tb.sv Line: 3
Info (12021): Found 1 design units, including 1 entities, in source file de1_soc.sv
    Info (12023): Found entity 1: DE1_SoC File: D:/Documents/ee_371/lab2/DE1_SoC.sv Line: 7
Info (12021): Found 1 design units, including 1 entities, in source file seg7.sv
    Info (12023): Found entity 1: seg7 File: D:/Documents/ee_371/lab2/seg7.sv Line: 10
Info (12021): Found 1 design units, including 1 entities, in source file de1_soc_tb.sv
    Info (12023): Found entity 1: DE1_SoC_tb File: D:/Documents/ee_371/lab2/DE1_SoC_tb.sv Line: 3
Info (12021): Found 1 design units, including 1 entities, in source file ram32x3port2.v
    Info (12023): Found entity 1: ram32x3port2 File: D:/Documents/ee_371/lab2/ram32x3port2.v Line: 40
Info (12021): Found 1 design units, including 1 entities, in source file task3_tb.sv
    Info (12023): Found entity 1: task3_tb File: D:/Documents/ee_371/lab2/task3_tb.sv Line: 3
Info (12021): Found 1 design units, including 1 entities, in source file task3.sv
    Info (12023): Found entity 1: task3 File: D:/Documents/ee_371/lab2/task3.sv Line: 8
Info (12021): Found 1 design units, including 1 entities, in source file de1_soc_augment.sv
    Info (12023): Found entity 1: DE1_SoC_augment File: D:/Documents/ee_371/lab2/DE1_SoC_augment.sv Line: 6
Info (12021): Found 1 design units, including 1 entities, in source file task2_augment.sv
    Info (12023): Found entity 1: task2_augment File: D:/Documents/ee_371/lab2/task2_augment.sv Line: 8
Info (12021): Found 1 design units, including 1 entities, in source file clock_divider.sv
    Info (12023): Found entity 1: clock_divider File: D:/Documents/ee_371/lab2/clock_divider.sv Line: 3
Info (12021): Found 1 design units, including 1 entities, in source file dff_single.sv
    Info (12023): Found entity 1: dff_single File: D:/Documents/ee_371/lab2/dff_single.sv Line: 1
Info (12021): Found 1 design units, including 1 entities, in source file dff_pair.sv
    Info (12023): Found entity 1: dff_pair File: D:/Documents/ee_371/lab2/dff_pair.sv Line: 1
Info (12021): Found 1 design units, including 1 entities, in source file de1_soc_50.sv
    Info (12023): Found entity 1: DE1_SoC_50 File: D:/Documents/ee_371/lab2/DE1_SoC_50.sv Line: 7
Info (12021): Found 1 design units, including 1 entities, in source file de1_soc_augment_tb.sv
    Info (12023): Found entity 1: DE1_SoC_augment_tb File: D:/Documents/ee_371/lab2/DE1_SoC_augment_tb.sv Line: 3
Warning (10236): Verilog HDL Implicit Net warning at DE1_SoC_augment.sv(18): created implicit net for "Address" File: D:/Documents/ee_371/lab2/DE1_SoC_augment.sv Line: 18
Info (12127): Elaborating entity "DE1_SoC_augment" for the top level hierarchy
Warning (10036): Verilog HDL or VHDL warning at DE1_SoC_augment.sv(18): object "Address" assigned a value but never read File: D:/Documents/ee_371/lab2/DE1_SoC_augment.sv Line: 18
Warning (10230): Verilog HDL assignment warning at DE1_SoC_augment.sv(18): truncated value with size 5 to match size of target (1) File: D:/Documents/ee_371/lab2/DE1_SoC_augment.sv Line: 18
Warning (10230): Verilog HDL assignment warning at DE1_SoC_augment.sv(131): truncated value with size 32 to match size of target (5) File: D:/Documents/ee_371/lab2/DE1_SoC_augment.sv Line: 131
Info (12128): Elaborating entity "task2_augment" for hierarchy "task2_augment:t2" File: D:/Documents/ee_371/lab2/DE1_SoC_augment.sv Line: 21
Info (12128): Elaborating entity "task3" for hierarchy "task3:t3" File: D:/Documents/ee_371/lab2/DE1_SoC_augment.sv Line: 22
Info (12128): Elaborating entity "ram32x3port2" for hierarchy "task3:t3|ram32x3port2:ram" File: D:/Documents/ee_371/lab2/task3.sv Line: 16
Info (12128): Elaborating entity "altsyncram" for hierarchy "task3:t3|ram32x3port2:ram|altsyncram:altsyncram_component" File: D:/Documents/ee_371/lab2/ram32x3port2.v Line: 89
Info (12130): Elaborated megafunction instantiation "task3:t3|ram32x3port2:ram|altsyncram:altsyncram_component" File: D:/Documents/ee_371/lab2/ram32x3port2.v Line: 89
Info (12133): Instantiated megafunction "task3:t3|ram32x3port2:ram|altsyncram:altsyncram_component" with the following parameter: File: D:/Documents/ee_371/lab2/ram32x3port2.v Line: 89
    Info (12134): Parameter "address_aclr_b" = "NONE"
    Info (12134): Parameter "address_reg_b" = "CLOCK0"
    Info (12134): Parameter "clock_enable_input_a" = "BYPASS"
    Info (12134): Parameter "clock_enable_input_b" = "BYPASS"
    Info (12134): Parameter "clock_enable_output_b" = "BYPASS"
    Info (12134): Parameter "init_file" = "ram32x3.mif"
    Info (12134): Parameter "intended_device_family" = "Cyclone V"
    Info (12134): Parameter "lpm_type" = "altsyncram"
    Info (12134): Parameter "numwords_a" = "32"
    Info (12134): Parameter "numwords_b" = "32"
    Info (12134): Parameter "operation_mode" = "DUAL_PORT"
    Info (12134): Parameter "outdata_aclr_b" = "NONE"
    Info (12134): Parameter "outdata_reg_b" = "UNREGISTERED"
    Info (12134): Parameter "power_up_uninitialized" = "FALSE"
    Info (12134): Parameter "ram_block_type" = "M10K"
    Info (12134): Parameter "read_during_write_mode_mixed_ports" = "DONT_CARE"
    Info (12134): Parameter "widthad_a" = "5"
    Info (12134): Parameter "widthad_b" = "5"
    Info (12134): Parameter "width_a" = "3"
    Info (12134): Parameter "width_b" = "3"
    Info (12134): Parameter "width_byteena_a" = "1"
Info (12021): Found 1 design units, including 1 entities, in source file db/altsyncram_m622.tdf
    Info (12023): Found entity 1: altsyncram_m622 File: D:/Documents/ee_371/lab2/db/altsyncram_m622.tdf Line: 28
Info (12128): Elaborating entity "altsyncram_m622" for hierarchy "task3:t3|ram32x3port2:ram|altsyncram:altsyncram_component|altsyncram_m622:auto_generated" File: d:/intelfpga_lite/17.0/quartus/libraries/megafunctions/altsyncram.tdf Line: 792
Info (12128): Elaborating entity "clock_divider" for hierarchy "clock_divider:cd" File: D:/Documents/ee_371/lab2/DE1_SoC_augment.sv Line: 25
Info (12128): Elaborating entity "seg7" for hierarchy "seg7:hex0" File: D:/Documents/ee_371/lab2/DE1_SoC_augment.sv Line: 28
Warning (12011): Net is missing source, defaulting to GND
    Warning (12110): Net "wraddress[4]" is missing source, defaulting to GND File: D:/Documents/ee_371/lab2/DE1_SoC_augment.sv Line: 14
    Warning (12110): Net "wraddress[3]" is missing source, defaulting to GND File: D:/Documents/ee_371/lab2/DE1_SoC_augment.sv Line: 14
    Warning (12110): Net "wraddress[2]" is missing source, defaulting to GND File: D:/Documents/ee_371/lab2/DE1_SoC_augment.sv Line: 14
    Warning (12110): Net "wraddress[1]" is missing source, defaulting to GND File: D:/Documents/ee_371/lab2/DE1_SoC_augment.sv Line: 14
    Warning (12110): Net "wraddress[0]" is missing source, defaulting to GND File: D:/Documents/ee_371/lab2/DE1_SoC_augment.sv Line: 14
Warning (13024): Output pins are stuck at VCC or GND
    Warning (13410): Pin "HEX2[0]" is stuck at GND File: D:/Documents/ee_371/lab2/DE1_SoC_augment.sv Line: 10
    Warning (13410): Pin "HEX2[1]" is stuck at GND File: D:/Documents/ee_371/lab2/DE1_SoC_augment.sv Line: 10
    Warning (13410): Pin "HEX2[2]" is stuck at GND File: D:/Documents/ee_371/lab2/DE1_SoC_augment.sv Line: 10
    Warning (13410): Pin "HEX2[3]" is stuck at GND File: D:/Documents/ee_371/lab2/DE1_SoC_augment.sv Line: 10
    Warning (13410): Pin "HEX2[4]" is stuck at GND File: D:/Documents/ee_371/lab2/DE1_SoC_augment.sv Line: 10
    Warning (13410): Pin "HEX2[5]" is stuck at GND File: D:/Documents/ee_371/lab2/DE1_SoC_augment.sv Line: 10
    Warning (13410): Pin "HEX2[6]" is stuck at VCC File: D:/Documents/ee_371/lab2/DE1_SoC_augment.sv Line: 10
    Warning (13410): Pin "HEX3[0]" is stuck at GND File: D:/Documents/ee_371/lab2/DE1_SoC_augment.sv Line: 10
    Warning (13410): Pin "HEX3[1]" is stuck at GND File: D:/Documents/ee_371/lab2/DE1_SoC_augment.sv Line: 10
    Warning (13410): Pin "HEX3[2]" is stuck at GND File: D:/Documents/ee_371/lab2/DE1_SoC_augment.sv Line: 10
    Warning (13410): Pin "HEX3[3]" is stuck at GND File: D:/Documents/ee_371/lab2/DE1_SoC_augment.sv Line: 10
    Warning (13410): Pin "HEX3[4]" is stuck at GND File: D:/Documents/ee_371/lab2/DE1_SoC_augment.sv Line: 10
    Warning (13410): Pin "HEX3[5]" is stuck at GND File: D:/Documents/ee_371/lab2/DE1_SoC_augment.sv Line: 10
    Warning (13410): Pin "HEX3[6]" is stuck at VCC File: D:/Documents/ee_371/lab2/DE1_SoC_augment.sv Line: 10
    Warning (13410): Pin "HEX4[0]" is stuck at GND File: D:/Documents/ee_371/lab2/DE1_SoC_augment.sv Line: 10
    Warning (13410): Pin "HEX4[1]" is stuck at GND File: D:/Documents/ee_371/lab2/DE1_SoC_augment.sv Line: 10
    Warning (13410): Pin "HEX4[2]" is stuck at GND File: D:/Documents/ee_371/lab2/DE1_SoC_augment.sv Line: 10
    Warning (13410): Pin "HEX4[3]" is stuck at GND File: D:/Documents/ee_371/lab2/DE1_SoC_augment.sv Line: 10
    Warning (13410): Pin "HEX4[4]" is stuck at GND File: D:/Documents/ee_371/lab2/DE1_SoC_augment.sv Line: 10
    Warning (13410): Pin "HEX4[5]" is stuck at GND File: D:/Documents/ee_371/lab2/DE1_SoC_augment.sv Line: 10
    Warning (13410): Pin "HEX4[6]" is stuck at VCC File: D:/Documents/ee_371/lab2/DE1_SoC_augment.sv Line: 10
    Warning (13410): Pin "HEX5[0]" is stuck at GND File: D:/Documents/ee_371/lab2/DE1_SoC_augment.sv Line: 10
    Warning (13410): Pin "HEX5[1]" is stuck at GND File: D:/Documents/ee_371/lab2/DE1_SoC_augment.sv Line: 10
    Warning (13410): Pin "HEX5[2]" is stuck at GND File: D:/Documents/ee_371/lab2/DE1_SoC_augment.sv Line: 10
    Warning (13410): Pin "HEX5[3]" is stuck at GND File: D:/Documents/ee_371/lab2/DE1_SoC_augment.sv Line: 10
    Warning (13410): Pin "HEX5[4]" is stuck at GND File: D:/Documents/ee_371/lab2/DE1_SoC_augment.sv Line: 10
    Warning (13410): Pin "HEX5[5]" is stuck at GND File: D:/Documents/ee_371/lab2/DE1_SoC_augment.sv Line: 10
    Warning (13410): Pin "HEX5[6]" is stuck at VCC File: D:/Documents/ee_371/lab2/DE1_SoC_augment.sv Line: 10
Info (286030): Timing-Driven Synthesis is running
Info (17036): Removed 4 MSB VCC or GND address nodes from RAM block "task3:t3|ram32x3port2:ram|altsyncram:altsyncram_component|altsyncram_m622:auto_generated|ALTSYNCRAM" File: D:/Documents/ee_371/lab2/db/altsyncram_m622.tdf Line: 34
Info (144001): Generated suppressed messages file D:/Documents/ee_371/lab2/output_files/DE1_SoC.map.smsg
Info (16010): Generating hard_block partition "hard_block:auto_generated_inst"
    Info (16011): Adding 0 node(s), including 0 DDIO, 0 PLL, 0 transceiver and 0 LCELL
Warning (21074): Design contains 8 input pin(s) that do not drive logic
    Warning (15610): No output dependent on input pin "KEY[0]" File: D:/Documents/ee_371/lab2/DE1_SoC_augment.sv Line: 8
    Warning (15610): No output dependent on input pin "KEY[1]" File: D:/Documents/ee_371/lab2/DE1_SoC_augment.sv Line: 8
    Warning (15610): No output dependent on input pin "KEY[2]" File: D:/Documents/ee_371/lab2/DE1_SoC_augment.sv Line: 8
    Warning (15610): No output dependent on input pin "SW[4]" File: D:/Documents/ee_371/lab2/DE1_SoC_augment.sv Line: 9
    Warning (15610): No output dependent on input pin "SW[5]" File: D:/Documents/ee_371/lab2/DE1_SoC_augment.sv Line: 9
    Warning (15610): No output dependent on input pin "SW[6]" File: D:/Documents/ee_371/lab2/DE1_SoC_augment.sv Line: 9
    Warning (15610): No output dependent on input pin "SW[7]" File: D:/Documents/ee_371/lab2/DE1_SoC_augment.sv Line: 9
    Warning (15610): No output dependent on input pin "SW[8]" File: D:/Documents/ee_371/lab2/DE1_SoC_augment.sv Line: 9
Info (21057): Implemented 85 device resources after synthesis - the final resource count might be different
    Info (21058): Implemented 15 input pins
    Info (21059): Implemented 42 output pins
    Info (21061): Implemented 25 logic cells
    Info (21064): Implemented 3 RAM segments
Info: Quartus Prime Analysis & Synthesis was successful. 0 errors, 49 warnings
    Info: Peak virtual memory: 4883 megabytes
    Info: Processing ended: Wed Oct 11 23:27:55 2023
    Info: Elapsed time: 00:00:08
    Info: Total CPU time (on all processors): 00:00:17


+------------------------------------------+
; Analysis & Synthesis Suppressed Messages ;
+------------------------------------------+
The suppressed messages can be found in D:/Documents/ee_371/lab2/output_files/DE1_SoC.map.smsg.


